{"/Users/romangrinevich/projects/ai-assistant-extension/src/content.ts": {"path":"/Users/romangrinevich/projects/ai-assistant-extension/src/content.ts","statementMap":{"0":{"start":{"line":1,"column":0},"end":{"line":1,"column":26}},"1":{"start":{"line":2,"column":0},"end":{"line":2,"column":46}},"2":{"start":{"line":3,"column":0},"end":{"line":3,"column":65}},"3":{"start":{"line":4,"column":0},"end":{"line":4,"column":61}},"4":{"start":{"line":10,"column":10},"end":{"line":10,"column":57}},"5":{"start":{"line":11,"column":10},"end":{"line":11,"column":27}},"6":{"start":{"line":13,"column":10},"end":{"line":13,"column":35}},"7":{"start":{"line":16,"column":4},"end":{"line":21,"column":5}},"8":{"start":{"line":17,"column":6},"end":{"line":17,"column":59}},"9":{"start":{"line":18,"column":6},"end":{"line":18,"column":18}},"10":{"start":{"line":20,"column":6},"end":{"line":20,"column":80}},"11":{"start":{"line":26,"column":4},"end":{"line":30,"column":5}},"12":{"start":{"line":27,"column":6},"end":{"line":27,"column":79}},"13":{"start":{"line":27,"column":58},"end":{"line":27,"column":77}},"14":{"start":{"line":29,"column":6},"end":{"line":29,"column":26}},"15":{"start":{"line":34,"column":4},"end":{"line":47,"column":5}},"16":{"start":{"line":36,"column":6},"end":{"line":36,"column":36}},"17":{"start":{"line":39,"column":6},"end":{"line":39,"column":36}},"18":{"start":{"line":42,"column":6},"end":{"line":42,"column":33}},"19":{"start":{"line":44,"column":6},"end":{"line":44,"column":77}},"20":{"start":{"line":46,"column":6},"end":{"line":46,"column":80}},"21":{"start":{"line":52,"column":30},"end":{"line":53,"column":null}},"22":{"start":{"line":55,"column":4},"end":{"line":58,"column":5}},"23":{"start":{"line":56,"column":6},"end":{"line":56,"column":66}},"24":{"start":{"line":57,"column":6},"end":{"line":57,"column":13}},"25":{"start":{"line":61,"column":4},"end":{"line":61,"column":58}},"26":{"start":{"line":62,"column":4},"end":{"line":62,"column":61}},"27":{"start":{"line":65,"column":4},"end":{"line":74,"column":6}},"28":{"start":{"line":77,"column":4},"end":{"line":77,"column":53}},"29":{"start":{"line":82,"column":4},"end":{"line":84,"column":7}},"30":{"start":{"line":83,"column":6},"end":{"line":83,"column":27}},"31":{"start":{"line":87,"column":4},"end":{"line":97,"column":7}},"32":{"start":{"line":88,"column":6},"end":{"line":96,"column":7}},"33":{"start":{"line":91,"column":8},"end":{"line":95,"column":14}},"34":{"start":{"line":92,"column":10},"end":{"line":94,"column":11}},"35":{"start":{"line":93,"column":12},"end":{"line":93,"column":31}},"36":{"start":{"line":101,"column":4},"end":{"line":103,"column":5}},"37":{"start":{"line":102,"column":6},"end":{"line":102,"column":53}},"38":{"start":{"line":106,"column":4},"end":{"line":106,"column":50}},"39":{"start":{"line":109,"column":4},"end":{"line":109,"column":25}},"40":{"start":{"line":113,"column":4},"end":{"line":113,"column":27}},"41":{"start":{"line":113,"column":20},"end":{"line":113,"column":27}},"42":{"start":{"line":115,"column":4},"end":{"line":120,"column":6}},"43":{"start":{"line":118,"column":23},"end":{"line":118,"column":41}},"44":{"start":{"line":124,"column":4},"end":{"line":128,"column":5}},"45":{"start":{"line":125,"column":6},"end":{"line":125,"column":25}},"46":{"start":{"line":127,"column":6},"end":{"line":127,"column":25}},"47":{"start":{"line":132,"column":4},"end":{"line":132,"column":38}},"48":{"start":{"line":132,"column":31},"end":{"line":132,"column":38}},"49":{"start":{"line":134,"column":4},"end":{"line":134,"column":33}},"50":{"start":{"line":137,"column":4},"end":{"line":139,"column":5}},"51":{"start":{"line":138,"column":6},"end":{"line":138,"column":57}},"52":{"start":{"line":142,"column":4},"end":{"line":142,"column":44}},"53":{"start":{"line":145,"column":4},"end":{"line":145,"column":25}},"54":{"start":{"line":147,"column":4},"end":{"line":147,"column":62}},"55":{"start":{"line":151,"column":4},"end":{"line":151,"column":39}},"56":{"start":{"line":151,"column":32},"end":{"line":151,"column":39}},"57":{"start":{"line":153,"column":4},"end":{"line":153,"column":34}},"58":{"start":{"line":156,"column":4},"end":{"line":158,"column":5}},"59":{"start":{"line":157,"column":6},"end":{"line":157,"column":57}},"60":{"start":{"line":161,"column":4},"end":{"line":161,"column":38}},"61":{"start":{"line":164,"column":4},"end":{"line":164,"column":25}},"62":{"start":{"line":166,"column":4},"end":{"line":166,"column":63}},"63":{"start":{"line":171,"column":4},"end":{"line":173,"column":5}},"64":{"start":{"line":172,"column":6},"end":{"line":172,"column":74}},"65":{"start":{"line":175,"column":4},"end":{"line":177,"column":5}},"66":{"start":{"line":176,"column":6},"end":{"line":176,"column":26}},"67":{"start":{"line":180,"column":4},"end":{"line":180,"column":38}},"68":{"start":{"line":183,"column":4},"end":{"line":183,"column":35}},"69":{"start":{"line":185,"column":4},"end":{"line":185,"column":74}},"70":{"start":{"line":233,"column":9},"end":{"line":233,"column":22}},"71":{"start":{"line":190,"column":42},"end":{"line":190,"column":46}},"72":{"start":{"line":194,"column":2},"end":{"line":203,"column":3}},"73":{"start":{"line":195,"column":4},"end":{"line":202,"column":5}},"74":{"start":{"line":196,"column":6},"end":{"line":196,"column":42}},"75":{"start":{"line":198,"column":6},"end":{"line":201,"column":8}},"76":{"start":{"line":207,"column":0},"end":{"line":209,"column":1}},"77":{"start":{"line":208,"column":2},"end":{"line":208,"column":28}},"78":{"start":{"line":212,"column":0},"end":{"line":216,"column":3}},"79":{"start":{"line":213,"column":2},"end":{"line":215,"column":3}},"80":{"start":{"line":214,"column":4},"end":{"line":214,"column":28}},"81":{"start":{"line":219,"column":0},"end":{"line":230,"column":1}},"82":{"start":{"line":220,"column":2},"end":{"line":229,"column":5}},"83":{"start":{"line":221,"column":4},"end":{"line":228,"column":5}},"84":{"start":{"line":222,"column":6},"end":{"line":224,"column":7}},"85":{"start":{"line":223,"column":8},"end":{"line":223,"column":32}},"86":{"start":{"line":226,"column":6},"end":{"line":226,"column":42}},"87":{"start":{"line":227,"column":6},"end":{"line":227,"column":38}}},"fnMap":{"0":{"name":"(anonymous_1)","decl":{"start":{"line":15,"column":2},"end":{"line":15,"column":null}},"loc":{"start":{"line":15,"column":2},"end":{"line":22,"column":3}}},"1":{"name":"(anonymous_2)","decl":{"start":{"line":24,"column":10},"end":{"line":24,"column":14}},"loc":{"start":{"line":24,"column":14},"end":{"line":31,"column":3}}},"2":{"name":"(anonymous_3)","decl":{"start":{"line":27,"column":52},"end":{"line":27,"column":55}},"loc":{"start":{"line":27,"column":58},"end":{"line":27,"column":77}}},"3":{"name":"(anonymous_4)","decl":{"start":{"line":33,"column":10},"end":{"line":33,"column":22}},"loc":{"start":{"line":33,"column":22},"end":{"line":48,"column":3}}},"4":{"name":"(anonymous_5)","decl":{"start":{"line":50,"column":10},"end":{"line":50,"column":32}},"loc":{"start":{"line":50,"column":32},"end":{"line":78,"column":3}}},"5":{"name":"(anonymous_6)","decl":{"start":{"line":80,"column":10},"end":{"line":80,"column":32}},"loc":{"start":{"line":80,"column":32},"end":{"line":98,"column":3}}},"6":{"name":"(anonymous_7)","decl":{"start":{"line":82,"column":41},"end":{"line":82,"column":44}},"loc":{"start":{"line":82,"column":46},"end":{"line":84,"column":5}}},"7":{"name":"(anonymous_8)","decl":{"start":{"line":87,"column":41},"end":{"line":87,"column":42}},"loc":{"start":{"line":87,"column":51},"end":{"line":97,"column":5}}},"8":{"name":"(anonymous_9)","decl":{"start":{"line":91,"column":19},"end":{"line":91,"column":22}},"loc":{"start":{"line":91,"column":24},"end":{"line":95,"column":9}}},"9":{"name":"(anonymous_10)","decl":{"start":{"line":100,"column":10},"end":{"line":100,"column":29}},"loc":{"start":{"line":100,"column":29},"end":{"line":110,"column":3}}},"10":{"name":"(anonymous_11)","decl":{"start":{"line":112,"column":10},"end":{"line":112,"column":23}},"loc":{"start":{"line":112,"column":23},"end":{"line":121,"column":3}}},"11":{"name":"(anonymous_12)","decl":{"start":{"line":118,"column":17},"end":{"line":118,"column":20}},"loc":{"start":{"line":118,"column":23},"end":{"line":118,"column":41}}},"12":{"name":"(anonymous_13)","decl":{"start":{"line":123,"column":10},"end":{"line":123,"column":23}},"loc":{"start":{"line":123,"column":23},"end":{"line":129,"column":3}}},"13":{"name":"(anonymous_14)","decl":{"start":{"line":131,"column":10},"end":{"line":131,"column":21}},"loc":{"start":{"line":131,"column":21},"end":{"line":148,"column":3}}},"14":{"name":"(anonymous_15)","decl":{"start":{"line":150,"column":10},"end":{"line":150,"column":21}},"loc":{"start":{"line":150,"column":21},"end":{"line":167,"column":3}}},"15":{"name":"(anonymous_16)","decl":{"start":{"line":169,"column":9},"end":{"line":169,"column":16}},"loc":{"start":{"line":169,"column":16},"end":{"line":186,"column":3}}},"16":{"name":"initializeContentScript","decl":{"start":{"line":193,"column":9},"end":{"line":193,"column":32}},"loc":{"start":{"line":193,"column":32},"end":{"line":204,"column":1}}},"17":{"name":"(anonymous_18)","decl":{"start":{"line":212,"column":40},"end":{"line":212,"column":43}},"loc":{"start":{"line":212,"column":45},"end":{"line":216,"column":1}}},"18":{"name":"(anonymous_19)","decl":{"start":{"line":220,"column":39},"end":{"line":220,"column":40}},"loc":{"start":{"line":220,"column":73},"end":{"line":229,"column":3}}}},"branchMap":{"0":{"loc":{"start":{"line":26,"column":4},"end":{"line":30,"column":5}},"type":"if","locations":[{"start":{"line":26,"column":4},"end":{"line":30,"column":5}},{"start":{"line":28,"column":11},"end":{"line":30,"column":5}}]},"1":{"loc":{"start":{"line":55,"column":4},"end":{"line":58,"column":5}},"type":"if","locations":[{"start":{"line":55,"column":4},"end":{"line":58,"column":5}},{"start":{},"end":{}}]},"2":{"loc":{"start":{"line":88,"column":6},"end":{"line":96,"column":7}},"type":"if","locations":[{"start":{"line":88,"column":6},"end":{"line":96,"column":7}},{"start":{},"end":{}}]},"3":{"loc":{"start":{"line":88,"column":10},"end":{"line":88,"column":57}},"type":"binary-expr","locations":[{"start":{"line":88,"column":10},"end":{"line":88,"column":32}},{"start":{"line":88,"column":36},"end":{"line":88,"column":57}}]},"4":{"loc":{"start":{"line":92,"column":10},"end":{"line":94,"column":11}},"type":"if","locations":[{"start":{"line":92,"column":10},"end":{"line":94,"column":11}},{"start":{},"end":{}}]},"5":{"loc":{"start":{"line":101,"column":4},"end":{"line":103,"column":5}},"type":"if","locations":[{"start":{"line":101,"column":4},"end":{"line":103,"column":5}},{"start":{},"end":{}}]},"6":{"loc":{"start":{"line":113,"column":4},"end":{"line":113,"column":27}},"type":"if","locations":[{"start":{"line":113,"column":4},"end":{"line":113,"column":27}},{"start":{},"end":{}}]},"7":{"loc":{"start":{"line":124,"column":4},"end":{"line":128,"column":5}},"type":"if","locations":[{"start":{"line":124,"column":4},"end":{"line":128,"column":5}},{"start":{"line":126,"column":11},"end":{"line":128,"column":5}}]},"8":{"loc":{"start":{"line":132,"column":4},"end":{"line":132,"column":38}},"type":"if","locations":[{"start":{"line":132,"column":4},"end":{"line":132,"column":38}},{"start":{},"end":{}}]},"9":{"loc":{"start":{"line":137,"column":4},"end":{"line":139,"column":5}},"type":"if","locations":[{"start":{"line":137,"column":4},"end":{"line":139,"column":5}},{"start":{},"end":{}}]},"10":{"loc":{"start":{"line":151,"column":4},"end":{"line":151,"column":39}},"type":"if","locations":[{"start":{"line":151,"column":4},"end":{"line":151,"column":39}},{"start":{},"end":{}}]},"11":{"loc":{"start":{"line":156,"column":4},"end":{"line":158,"column":5}},"type":"if","locations":[{"start":{"line":156,"column":4},"end":{"line":158,"column":5}},{"start":{},"end":{}}]},"12":{"loc":{"start":{"line":171,"column":4},"end":{"line":173,"column":5}},"type":"if","locations":[{"start":{"line":171,"column":4},"end":{"line":173,"column":5}},{"start":{},"end":{}}]},"13":{"loc":{"start":{"line":171,"column":8},"end":{"line":171,"column":65}},"type":"binary-expr","locations":[{"start":{"line":171,"column":8},"end":{"line":171,"column":29}},{"start":{"line":171,"column":33},"end":{"line":171,"column":65}}]},"14":{"loc":{"start":{"line":175,"column":4},"end":{"line":177,"column":5}},"type":"if","locations":[{"start":{"line":175,"column":4},"end":{"line":177,"column":5}},{"start":{},"end":{}}]},"15":{"loc":{"start":{"line":194,"column":2},"end":{"line":203,"column":3}},"type":"if","locations":[{"start":{"line":194,"column":2},"end":{"line":203,"column":3}},{"start":{},"end":{}}]},"16":{"loc":{"start":{"line":194,"column":6},"end":{"line":194,"column":70}},"type":"binary-expr","locations":[{"start":{"line":194,"column":6},"end":{"line":194,"column":35}},{"start":{"line":194,"column":39},"end":{"line":194,"column":70}}]},"17":{"loc":{"start":{"line":207,"column":0},"end":{"line":209,"column":1}},"type":"if","locations":[{"start":{"line":207,"column":0},"end":{"line":209,"column":1}},{"start":{},"end":{}}]},"18":{"loc":{"start":{"line":207,"column":4},"end":{"line":207,"column":69}},"type":"binary-expr","locations":[{"start":{"line":207,"column":4},"end":{"line":207,"column":34}},{"start":{"line":207,"column":38},"end":{"line":207,"column":69}}]},"19":{"loc":{"start":{"line":213,"column":2},"end":{"line":215,"column":3}},"type":"if","locations":[{"start":{"line":213,"column":2},"end":{"line":215,"column":3}},{"start":{},"end":{}}]},"20":{"loc":{"start":{"line":219,"column":0},"end":{"line":230,"column":1}},"type":"if","locations":[{"start":{"line":219,"column":0},"end":{"line":230,"column":1}},{"start":{},"end":{}}]},"21":{"loc":{"start":{"line":219,"column":4},"end":{"line":219,"column":51}},"type":"binary-expr","locations":[{"start":{"line":219,"column":4},"end":{"line":219,"column":33}},{"start":{"line":219,"column":37},"end":{"line":219,"column":51}}]},"22":{"loc":{"start":{"line":221,"column":4},"end":{"line":228,"column":5}},"type":"if","locations":[{"start":{"line":221,"column":4},"end":{"line":228,"column":5}},{"start":{},"end":{}}]},"23":{"loc":{"start":{"line":222,"column":6},"end":{"line":224,"column":7}},"type":"if","locations":[{"start":{"line":222,"column":6},"end":{"line":224,"column":7}},{"start":{},"end":{}}]}},"s":{"0":1,"1":1,"2":1,"3":1,"4":17,"5":17,"6":17,"7":17,"8":17,"9":16,"10":1,"11":16,"12":1,"13":0,"14":15,"15":15,"16":15,"17":15,"18":15,"19":15,"20":0,"21":15,"22":15,"23":1,"24":1,"25":14,"26":14,"27":14,"28":14,"29":15,"30":6,"31":15,"32":17,"33":2,"34":2,"35":2,"36":15,"37":0,"38":15,"39":15,"40":24,"41":0,"42":24,"43":0,"44":6,"45":1,"46":5,"47":5,"48":0,"49":5,"50":5,"51":5,"52":5,"53":5,"54":5,"55":4,"56":0,"57":4,"58":4,"59":4,"60":4,"61":4,"62":4,"63":3,"64":2,"65":3,"66":3,"67":3,"68":3,"69":3,"70":1,"71":1,"72":0,"73":0,"74":0,"75":0,"76":1,"77":0,"78":1,"79":0,"80":0,"81":1,"82":0,"83":0,"84":0,"85":0,"86":0,"87":0},"f":{"0":17,"1":16,"2":0,"3":15,"4":15,"5":15,"6":6,"7":17,"8":2,"9":15,"10":24,"11":0,"12":6,"13":5,"14":4,"15":3,"16":0,"17":0,"18":0},"b":{"0":[1,15],"1":[1,14],"2":[2,15],"3":[17,17],"4":[2,0],"5":[0,15],"6":[0,24],"7":[1,5],"8":[0,5],"9":[5,0],"10":[0,4],"11":[4,0],"12":[2,1],"13":[3,3],"14":[3,0],"15":[0,0],"16":[0,0],"17":[0,1],"18":[1,1],"19":[0,0],"20":[0,1],"21":[1,1],"22":[0,0],"23":[0,0]}}
,"/Users/romangrinevich/projects/ai-assistant-extension/src/components/ChatInterface.tsx": {"path":"/Users/romangrinevich/projects/ai-assistant-extension/src/components/ChatInterface.tsx","statementMap":{"0":{"start":{"line":1,"column":0},"end":{"line":1,"column":59}},"1":{"start":{"line":3,"column":0},"end":{"line":3,"column":44}},"2":{"start":{"line":4,"column":0},"end":{"line":4,"column":44}},"3":{"start":{"line":5,"column":0},"end":{"line":5,"column":29}},"4":{"start":{"line":7,"column":59},"end":{"line":100,"column":1}},"5":{"start":{"line":12,"column":34},"end":{"line":12,"column":74}},"6":{"start":{"line":13,"column":38},"end":{"line":13,"column":50}},"7":{"start":{"line":14,"column":36},"end":{"line":14,"column":51}},"8":{"start":{"line":15,"column":25},"end":{"line":15,"column":53}},"9":{"start":{"line":17,"column":25},"end":{"line":19,"column":3}},"10":{"start":{"line":18,"column":4},"end":{"line":18,"column":67}},"11":{"start":{"line":21,"column":2},"end":{"line":23,"column":17}},"12":{"start":{"line":22,"column":4},"end":{"line":22,"column":21}},"13":{"start":{"line":25,"column":28},"end":{"line":58,"column":3}},"14":{"start":{"line":26,"column":4},"end":{"line":26,"column":45}},"15":{"start":{"line":26,"column":38},"end":{"line":26,"column":45}},"16":{"start":{"line":28,"column":37},"end":{"line":33,"column":6}},"17":{"start":{"line":35,"column":4},"end":{"line":35,"column":50}},"18":{"start":{"line":35,"column":26},"end":{"line":35,"column":48}},"19":{"start":{"line":36,"column":4},"end":{"line":36,"column":22}},"20":{"start":{"line":37,"column":4},"end":{"line":37,"column":23}},"21":{"start":{"line":39,"column":4},"end":{"line":57,"column":5}},"22":{"start":{"line":41,"column":6},"end":{"line":41,"column":42}},"23":{"start":{"line":44,"column":6},"end":{"line":53,"column":15}},"24":{"start":{"line":45,"column":40},"end":{"line":50,"column":10}},"25":{"start":{"line":51,"column":8},"end":{"line":51,"column":53}},"26":{"start":{"line":51,"column":30},"end":{"line":51,"column":51}},"27":{"start":{"line":52,"column":8},"end":{"line":52,"column":28}},"28":{"start":{"line":55,"column":6},"end":{"line":55,"column":54}},"29":{"start":{"line":56,"column":6},"end":{"line":56,"column":26}},"30":{"start":{"line":60,"column":25},"end":{"line":69,"column":3}},"31":{"start":{"line":61,"column":4},"end":{"line":68,"column":5}},"32":{"start":{"line":63,"column":8},"end":{"line":63,"column":36}},"33":{"start":{"line":65,"column":8},"end":{"line":65,"column":58}},"34":{"start":{"line":67,"column":8},"end":{"line":67,"column":38}},"35":{"start":{"line":71,"column":2},"end":{"line":99,"column":4}},"36":{"start":{"line":7,"column":13},"end":{"line":7,"column":59}}},"fnMap":{"0":{"name":"(anonymous_9)","decl":{"start":{"line":7,"column":59},"end":{"line":7,"column":60}},"loc":{"start":{"line":11,"column":5},"end":{"line":100,"column":1}}},"1":{"name":"(anonymous_10)","decl":{"start":{"line":17,"column":25},"end":{"line":17,"column":28}},"loc":{"start":{"line":17,"column":30},"end":{"line":19,"column":3}}},"2":{"name":"(anonymous_11)","decl":{"start":{"line":21,"column":12},"end":{"line":21,"column":15}},"loc":{"start":{"line":21,"column":17},"end":{"line":23,"column":3}}},"3":{"name":"(anonymous_12)","decl":{"start":{"line":25,"column":28},"end":{"line":25,"column":33}},"loc":{"start":{"line":25,"column":54},"end":{"line":58,"column":3}}},"4":{"name":"(anonymous_13)","decl":{"start":{"line":35,"column":16},"end":{"line":35,"column":17}},"loc":{"start":{"line":35,"column":26},"end":{"line":35,"column":48}}},"5":{"name":"(anonymous_14)","decl":{"start":{"line":44,"column":17},"end":{"line":44,"column":20}},"loc":{"start":{"line":44,"column":22},"end":{"line":53,"column":7}}},"6":{"name":"(anonymous_15)","decl":{"start":{"line":51,"column":20},"end":{"line":51,"column":21}},"loc":{"start":{"line":51,"column":30},"end":{"line":51,"column":51}}},"7":{"name":"(anonymous_16)","decl":{"start":{"line":60,"column":25},"end":{"line":60,"column":28}},"loc":{"start":{"line":60,"column":30},"end":{"line":69,"column":3}}}},"branchMap":{"0":{"loc":{"start":{"line":10,"column":12},"end":{"line":10,"column":32}},"type":"default-arg","locations":[{"start":{"line":10,"column":30},"end":{"line":10,"column":32}}]},"1":{"loc":{"start":{"line":26,"column":4},"end":{"line":26,"column":45}},"type":"if","locations":[{"start":{"line":26,"column":4},"end":{"line":26,"column":45}},{"start":{},"end":{}}]},"2":{"loc":{"start":{"line":26,"column":8},"end":{"line":26,"column":36}},"type":"binary-expr","locations":[{"start":{"line":26,"column":8},"end":{"line":26,"column":23}},{"start":{"line":26,"column":27},"end":{"line":26,"column":36}}]},"3":{"loc":{"start":{"line":61,"column":4},"end":{"line":68,"column":5}},"type":"switch","locations":[{"start":{"line":62,"column":6},"end":{"line":63,"column":36}},{"start":{"line":64,"column":6},"end":{"line":65,"column":58}},{"start":{"line":66,"column":6},"end":{"line":67,"column":38}}]},"4":{"loc":{"start":{"line":75,"column":11},"end":{"line":75,"column":60}},"type":"cond-expr","locations":[{"start":{"line":75,"column":39},"end":{"line":75,"column":47}},{"start":{"line":75,"column":50},"end":{"line":75,"column":60}}]},"5":{"loc":{"start":{"line":78,"column":11},"end":{"line":80,"column":49}},"type":"cond-expr","locations":[{"start":{"line":79,"column":14},"end":{"line":79,"column":53}},{"start":{"line":80,"column":14},"end":{"line":80,"column":49}}]}},"s":{"0":3,"1":3,"2":3,"3":3,"4":3,"5":9,"6":9,"7":9,"8":9,"9":9,"10":9,"11":9,"12":9,"13":9,"14":0,"15":0,"16":0,"17":0,"18":0,"19":0,"20":0,"21":0,"22":0,"23":0,"24":0,"25":0,"26":0,"27":0,"28":0,"29":0,"30":9,"31":9,"32":8,"33":1,"34":0,"35":9,"36":3},"f":{"0":9,"1":9,"2":9,"3":0,"4":0,"5":0,"6":0,"7":9},"b":{"0":[0],"1":[0,0],"2":[0,0],"3":[8,1,0],"4":[8,1],"5":[8,1]}}
,"/Users/romangrinevich/projects/ai-assistant-extension/src/components/FormInterface.tsx": {"path":"/Users/romangrinevich/projects/ai-assistant-extension/src/components/FormInterface.tsx","statementMap":{"0":{"start":{"line":1,"column":0},"end":{"line":1,"column":26}},"1":{"start":{"line":3,"column":0},"end":{"line":3,"column":62}},"2":{"start":{"line":4,"column":0},"end":{"line":4,"column":29}},"3":{"start":{"line":6,"column":63},"end":{"line":69,"column":1}},"4":{"start":{"line":15,"column":26},"end":{"line":15,"column":55}},"5":{"start":{"line":16,"column":19},"end":{"line":16,"column":55}},"6":{"start":{"line":17,"column":19},"end":{"line":17,"column":60}},"7":{"start":{"line":19,"column":22},"end":{"line":21,"column":3}},"8":{"start":{"line":20,"column":4},"end":{"line":20,"column":14}},"9":{"start":{"line":23,"column":21},"end":{"line":26,"column":3}},"10":{"start":{"line":25,"column":4},"end":{"line":25,"column":40}},"11":{"start":{"line":28,"column":2},"end":{"line":68,"column":4}},"12":{"start":{"line":6,"column":13},"end":{"line":6,"column":63}}},"fnMap":{"0":{"name":"(anonymous_1)","decl":{"start":{"line":6,"column":63},"end":{"line":6,"column":64}},"loc":{"start":{"line":13,"column":5},"end":{"line":69,"column":1}}},"1":{"name":"(anonymous_2)","decl":{"start":{"line":19,"column":22},"end":{"line":19,"column":25}},"loc":{"start":{"line":19,"column":27},"end":{"line":21,"column":3}}},"2":{"name":"(anonymous_3)","decl":{"start":{"line":23,"column":21},"end":{"line":23,"column":24}},"loc":{"start":{"line":23,"column":26},"end":{"line":26,"column":3}}}},"branchMap":{"0":{"loc":{"start":{"line":17,"column":19},"end":{"line":17,"column":60}},"type":"binary-expr","locations":[{"start":{"line":17,"column":19},"end":{"line":17,"column":37}},{"start":{"line":17,"column":41},"end":{"line":17,"column":54}},{"start":{"line":17,"column":58},"end":{"line":17,"column":60}}]},"1":{"loc":{"start":{"line":38,"column":41},"end":{"line":38,"column":63}},"type":"binary-expr","locations":[{"start":{"line":38,"column":41},"end":{"line":38,"column":54}},{"start":{"line":38,"column":58},"end":{"line":38,"column":63}}]},"2":{"loc":{"start":{"line":43,"column":41},"end":{"line":43,"column":70}},"type":"binary-expr","locations":[{"start":{"line":43,"column":41},"end":{"line":43,"column":61}},{"start":{"line":43,"column":65},"end":{"line":43,"column":70}}]},"3":{"loc":{"start":{"line":48,"column":41},"end":{"line":48,"column":61}},"type":"binary-expr","locations":[{"start":{"line":48,"column":41},"end":{"line":48,"column":52}},{"start":{"line":48,"column":56},"end":{"line":48,"column":61}}]}},"s":{"0":3,"1":3,"2":3,"3":3,"4":5,"5":5,"6":5,"7":5,"8":1,"9":5,"10":1,"11":5,"12":3},"f":{"0":5,"1":1,"2":1},"b":{"0":[5,0,0],"1":[5,0],"2":[5,0],"3":[5,0]}}
,"/Users/romangrinevich/projects/ai-assistant-extension/src/components/LoaderInterface.tsx": {"path":"/Users/romangrinevich/projects/ai-assistant-extension/src/components/LoaderInterface.tsx","statementMap":{"0":{"start":{"line":1,"column":0},"end":{"line":1,"column":26}},"1":{"start":{"line":3,"column":0},"end":{"line":3,"column":31}},"2":{"start":{"line":5,"column":65},"end":{"line":19,"column":1}},"3":{"start":{"line":8,"column":2},"end":{"line":18,"column":4}},"4":{"start":{"line":5,"column":13},"end":{"line":5,"column":65}}},"fnMap":{"0":{"name":"(anonymous_1)","decl":{"start":{"line":5,"column":65},"end":{"line":5,"column":66}},"loc":{"start":{"line":7,"column":5},"end":{"line":19,"column":1}}}},"branchMap":{},"s":{"0":2,"1":2,"2":2,"3":0,"4":2},"f":{"0":0},"b":{}}
,"/Users/romangrinevich/projects/ai-assistant-extension/src/components/MessageList.tsx": {"path":"/Users/romangrinevich/projects/ai-assistant-extension/src/components/MessageList.tsx","statementMap":{"0":{"start":{"line":1,"column":0},"end":{"line":1,"column":26}},"1":{"start":{"line":3,"column":0},"end":{"line":3,"column":27}},"2":{"start":{"line":10,"column":55},"end":{"line":66,"column":1}},"3":{"start":{"line":14,"column":21},"end":{"line":19,"column":3}},"4":{"start":{"line":15,"column":4},"end":{"line":18,"column":7}},"5":{"start":{"line":21,"column":2},"end":{"line":33,"column":3}},"6":{"start":{"line":22,"column":4},"end":{"line":32,"column":6}},"7":{"start":{"line":35,"column":2},"end":{"line":65,"column":4}},"8":{"start":{"line":38,"column":8},"end":{"line":39,"column":null}},"9":{"start":{"line":10,"column":13},"end":{"line":10,"column":55}}},"fnMap":{"0":{"name":"(anonymous_1)","decl":{"start":{"line":10,"column":55},"end":{"line":10,"column":56}},"loc":{"start":{"line":13,"column":5},"end":{"line":66,"column":1}}},"1":{"name":"(anonymous_2)","decl":{"start":{"line":14,"column":21},"end":{"line":14,"column":22}},"loc":{"start":{"line":14,"column":41},"end":{"line":19,"column":3}}},"2":{"name":"(anonymous_3)","decl":{"start":{"line":37,"column":20},"end":{"line":37,"column":21}},"loc":{"start":{"line":38,"column":8},"end":{"line":39,"column":null}}}},"branchMap":{"0":{"loc":{"start":{"line":21,"column":2},"end":{"line":33,"column":3}},"type":"if","locations":[{"start":{"line":21,"column":2},"end":{"line":33,"column":3}},{"start":{},"end":{}}]},"1":{"loc":{"start":{"line":21,"column":6},"end":{"line":21,"column":41}},"type":"binary-expr","locations":[{"start":{"line":21,"column":6},"end":{"line":21,"column":27}},{"start":{"line":21,"column":31},"end":{"line":21,"column":41}}]},"2":{"loc":{"start":{"line":41,"column":12},"end":{"line":41,"column":null}},"type":"cond-expr","locations":[{"start":{"line":41,"column":40},"end":{"line":41,"column":54}},{"start":{"line":41,"column":57},"end":{"line":41,"column":null}}]},"3":{"loc":{"start":{"line":51,"column":7},"end":{"line":62,"column":null}},"type":"binary-expr","locations":[{"start":{"line":51,"column":7},"end":{"line":51,"column":16}},{"start":{"line":52,"column":8},"end":{"line":61,"column":null}}]}},"s":{"0":4,"1":4,"2":4,"3":21,"4":20,"5":21,"6":9,"7":12,"8":20,"9":4},"f":{"0":21,"1":20,"2":20},"b":{"0":[9,12],"1":[21,10],"2":[11,9],"3":[12,3]}}
,"/Users/romangrinevich/projects/ai-assistant-extension/src/components/PromptInput.tsx": {"path":"/Users/romangrinevich/projects/ai-assistant-extension/src/components/PromptInput.tsx","statementMap":{"0":{"start":{"line":1,"column":0},"end":{"line":1,"column":49}},"1":{"start":{"line":2,"column":0},"end":{"line":2,"column":27}},"2":{"start":{"line":12,"column":55},"end":{"line":85,"column":1}},"3":{"start":{"line":19,"column":22},"end":{"line":19,"column":55}},"4":{"start":{"line":21,"column":2},"end":{"line":26,"column":17}},"5":{"start":{"line":23,"column":4},"end":{"line":25,"column":5}},"6":{"start":{"line":24,"column":6},"end":{"line":24,"column":34}},"7":{"start":{"line":28,"column":2},"end":{"line":34,"column":14}},"8":{"start":{"line":30,"column":4},"end":{"line":33,"column":5}},"9":{"start":{"line":31,"column":6},"end":{"line":31,"column":48}},"10":{"start":{"line":32,"column":6},"end":{"line":32,"column":81}},"11":{"start":{"line":36,"column":23},"end":{"line":38,"column":3}},"12":{"start":{"line":37,"column":4},"end":{"line":37,"column":33}},"13":{"start":{"line":40,"column":24},"end":{"line":45,"column":3}},"14":{"start":{"line":41,"column":4},"end":{"line":44,"column":5}},"15":{"start":{"line":42,"column":6},"end":{"line":42,"column":29}},"16":{"start":{"line":43,"column":6},"end":{"line":43,"column":19}},"17":{"start":{"line":47,"column":21},"end":{"line":51,"column":3}},"18":{"start":{"line":48,"column":4},"end":{"line":50,"column":5}},"19":{"start":{"line":49,"column":6},"end":{"line":49,"column":20}},"20":{"start":{"line":53,"column":2},"end":{"line":84,"column":4}},"21":{"start":{"line":12,"column":13},"end":{"line":12,"column":55}}},"fnMap":{"0":{"name":"(anonymous_9)","decl":{"start":{"line":12,"column":55},"end":{"line":12,"column":56}},"loc":{"start":{"line":18,"column":5},"end":{"line":85,"column":1}}},"1":{"name":"(anonymous_10)","decl":{"start":{"line":21,"column":12},"end":{"line":21,"column":15}},"loc":{"start":{"line":21,"column":17},"end":{"line":26,"column":3}}},"2":{"name":"(anonymous_11)","decl":{"start":{"line":28,"column":12},"end":{"line":28,"column":15}},"loc":{"start":{"line":28,"column":17},"end":{"line":34,"column":3}}},"3":{"name":"(anonymous_12)","decl":{"start":{"line":36,"column":23},"end":{"line":36,"column":24}},"loc":{"start":{"line":36,"column":73},"end":{"line":38,"column":3}}},"4":{"name":"(anonymous_13)","decl":{"start":{"line":40,"column":24},"end":{"line":40,"column":25}},"loc":{"start":{"line":40,"column":76},"end":{"line":45,"column":3}}},"5":{"name":"(anonymous_14)","decl":{"start":{"line":47,"column":21},"end":{"line":47,"column":24}},"loc":{"start":{"line":47,"column":26},"end":{"line":51,"column":3}}}},"branchMap":{"0":{"loc":{"start":{"line":23,"column":4},"end":{"line":25,"column":5}},"type":"if","locations":[{"start":{"line":23,"column":4},"end":{"line":25,"column":5}},{"start":{},"end":{}}]},"1":{"loc":{"start":{"line":23,"column":8},"end":{"line":23,"column":40}},"type":"binary-expr","locations":[{"start":{"line":23,"column":8},"end":{"line":23,"column":27}},{"start":{"line":23,"column":31},"end":{"line":23,"column":40}}]},"2":{"loc":{"start":{"line":30,"column":4},"end":{"line":33,"column":5}},"type":"if","locations":[{"start":{"line":30,"column":4},"end":{"line":33,"column":5}},{"start":{},"end":{}}]},"3":{"loc":{"start":{"line":41,"column":4},"end":{"line":44,"column":5}},"type":"if","locations":[{"start":{"line":41,"column":4},"end":{"line":44,"column":5}},{"start":{},"end":{}}]},"4":{"loc":{"start":{"line":41,"column":8},"end":{"line":41,"column":48}},"type":"binary-expr","locations":[{"start":{"line":41,"column":8},"end":{"line":41,"column":29}},{"start":{"line":41,"column":33},"end":{"line":41,"column":48}}]},"5":{"loc":{"start":{"line":48,"column":4},"end":{"line":50,"column":5}},"type":"if","locations":[{"start":{"line":48,"column":4},"end":{"line":50,"column":5}},{"start":{},"end":{}}]},"6":{"loc":{"start":{"line":48,"column":8},"end":{"line":48,"column":33}},"type":"binary-expr","locations":[{"start":{"line":48,"column":8},"end":{"line":48,"column":20}},{"start":{"line":48,"column":24},"end":{"line":48,"column":33}}]},"7":{"loc":{"start":{"line":69,"column":12},"end":{"line":69,"column":null}},"type":"cond-expr","locations":[{"start":{"line":69,"column":40},"end":{"line":69,"column":67}},{"start":{"line":69,"column":70},"end":{"line":69,"column":null}}]},"8":{"loc":{"start":{"line":69,"column":12},"end":{"line":69,"column":37}},"type":"binary-expr","locations":[{"start":{"line":69,"column":12},"end":{"line":69,"column":24}},{"start":{"line":69,"column":28},"end":{"line":69,"column":37}}]},"9":{"loc":{"start":{"line":72,"column":20},"end":{"line":72,"column":45}},"type":"binary-expr","locations":[{"start":{"line":72,"column":20},"end":{"line":72,"column":33}},{"start":{"line":72,"column":37},"end":{"line":72,"column":45}}]}},"s":{"0":4,"1":4,"2":4,"3":27,"4":27,"5":27,"6":26,"7":27,"8":27,"9":27,"10":27,"11":27,"12":1,"13":27,"14":2,"15":1,"16":1,"17":27,"18":4,"19":4,"20":27,"21":4},"f":{"0":27,"1":27,"2":27,"3":1,"4":2,"5":4},"b":{"0":[26,1],"1":[27,27],"2":[27,0],"3":[1,1],"4":[2,2],"5":[4,0],"6":[4,4],"7":[7,20],"8":[27,7],"9":[27,7]}}
,"/Users/romangrinevich/projects/ai-assistant-extension/src/components/SearchField.tsx": {"path":"/Users/romangrinevich/projects/ai-assistant-extension/src/components/SearchField.tsx","statementMap":{"0":{"start":{"line":1,"column":0},"end":{"line":1,"column":49}},"1":{"start":{"line":3,"column":0},"end":{"line":3,"column":27}},"2":{"start":{"line":5,"column":55},"end":{"line":57,"column":1}},"3":{"start":{"line":13,"column":19},"end":{"line":13,"column":49}},"4":{"start":{"line":15,"column":2},"end":{"line":20,"column":17}},"5":{"start":{"line":17,"column":4},"end":{"line":19,"column":5}},"6":{"start":{"line":18,"column":6},"end":{"line":18,"column":31}},"7":{"start":{"line":22,"column":23},"end":{"line":26,"column":3}},"8":{"start":{"line":23,"column":4},"end":{"line":25,"column":5}},"9":{"start":{"line":24,"column":6},"end":{"line":24,"column":35}},"10":{"start":{"line":28,"column":24},"end":{"line":32,"column":3}},"11":{"start":{"line":29,"column":4},"end":{"line":31,"column":5}},"12":{"start":{"line":30,"column":6},"end":{"line":30,"column":23}},"13":{"start":{"line":34,"column":2},"end":{"line":56,"column":4}},"14":{"start":{"line":5,"column":13},"end":{"line":5,"column":55}}},"fnMap":{"0":{"name":"(anonymous_9)","decl":{"start":{"line":5,"column":55},"end":{"line":5,"column":56}},"loc":{"start":{"line":12,"column":5},"end":{"line":57,"column":1}}},"1":{"name":"(anonymous_10)","decl":{"start":{"line":15,"column":12},"end":{"line":15,"column":15}},"loc":{"start":{"line":15,"column":17},"end":{"line":20,"column":3}}},"2":{"name":"(anonymous_11)","decl":{"start":{"line":22,"column":23},"end":{"line":22,"column":24}},"loc":{"start":{"line":22,"column":70},"end":{"line":26,"column":3}}},"3":{"name":"(anonymous_12)","decl":{"start":{"line":28,"column":24},"end":{"line":28,"column":25}},"loc":{"start":{"line":28,"column":73},"end":{"line":32,"column":3}}}},"branchMap":{"0":{"loc":{"start":{"line":17,"column":4},"end":{"line":19,"column":5}},"type":"if","locations":[{"start":{"line":17,"column":4},"end":{"line":19,"column":5}},{"start":{},"end":{}}]},"1":{"loc":{"start":{"line":17,"column":8},"end":{"line":17,"column":37}},"type":"binary-expr","locations":[{"start":{"line":17,"column":8},"end":{"line":17,"column":17}},{"start":{"line":17,"column":21},"end":{"line":17,"column":37}}]},"2":{"loc":{"start":{"line":23,"column":4},"end":{"line":25,"column":5}},"type":"if","locations":[{"start":{"line":23,"column":4},"end":{"line":25,"column":5}},{"start":{},"end":{}}]},"3":{"loc":{"start":{"line":29,"column":4},"end":{"line":31,"column":5}},"type":"if","locations":[{"start":{"line":29,"column":4},"end":{"line":31,"column":5}},{"start":{},"end":{}}]},"4":{"loc":{"start":{"line":37,"column":9},"end":{"line":40,"column":null}},"type":"binary-expr","locations":[{"start":{"line":37,"column":9},"end":{"line":37,"column":15}},{"start":{"line":38,"column":10},"end":{"line":39,"column":null}}]}},"s":{"0":3,"1":3,"2":3,"3":21,"4":21,"5":15,"6":13,"7":21,"8":5,"9":5,"10":21,"11":5,"12":1,"13":21,"14":3},"f":{"0":21,"1":15,"2":5,"3":5},"b":{"0":[13,2],"1":[15,13],"2":[5,0],"3":[1,4],"4":[21,1]}}
,"/Users/romangrinevich/projects/ai-assistant-extension/src/components/SearchInterface.tsx": {"path":"/Users/romangrinevich/projects/ai-assistant-extension/src/components/SearchInterface.tsx","statementMap":{"0":{"start":{"line":1,"column":0},"end":{"line":1,"column":51}},"1":{"start":{"line":3,"column":0},"end":{"line":3,"column":31}},"2":{"start":{"line":11,"column":65},"end":{"line":130,"column":1}},"3":{"start":{"line":20,"column":32},"end":{"line":20,"column":60}},"4":{"start":{"line":21,"column":36},"end":{"line":21,"column":51}},"5":{"start":{"line":24,"column":24},"end":{"line":44,"column":3}},"6":{"start":{"line":25,"column":4},"end":{"line":25,"column":33}},"7":{"start":{"line":25,"column":23},"end":{"line":25,"column":33}},"8":{"start":{"line":28,"column":4},"end":{"line":28,"column":61}},"9":{"start":{"line":28,"column":35},"end":{"line":28,"column":59}},"10":{"start":{"line":31,"column":4},"end":{"line":41,"column":5}},"11":{"start":{"line":32,"column":6},"end":{"line":40,"column":8}},"12":{"start":{"line":38,"column":10},"end":{"line":39,"column":71}},"13":{"start":{"line":43,"column":4},"end":{"line":43,"column":14}},"14":{"start":{"line":46,"column":2},"end":{"line":57,"column":33}},"15":{"start":{"line":47,"column":24},"end":{"line":47,"column":42}},"16":{"start":{"line":48,"column":4},"end":{"line":51,"column":5}},"17":{"start":{"line":49,"column":6},"end":{"line":49,"column":21}},"18":{"start":{"line":50,"column":6},"end":{"line":50,"column":13}},"19":{"start":{"line":53,"column":4},"end":{"line":53,"column":23}},"20":{"start":{"line":54,"column":4},"end":{"line":56,"column":42}},"21":{"start":{"line":56,"column":21},"end":{"line":56,"column":40}},"22":{"start":{"line":59,"column":29},"end":{"line":67,"column":3}},"23":{"start":{"line":60,"column":4},"end":{"line":66,"column":5}},"24":{"start":{"line":61,"column":6},"end":{"line":65,"column":9}},"25":{"start":{"line":69,"column":24},"end":{"line":73,"column":3}},"26":{"start":{"line":70,"column":4},"end":{"line":72,"column":5}},"27":{"start":{"line":71,"column":6},"end":{"line":71,"column":33}},"28":{"start":{"line":75,"column":2},"end":{"line":84,"column":3}},"29":{"start":{"line":76,"column":4},"end":{"line":83,"column":6}},"30":{"start":{"line":86,"column":2},"end":{"line":92,"column":3}},"31":{"start":{"line":87,"column":4},"end":{"line":91,"column":6}},"32":{"start":{"line":94,"column":2},"end":{"line":102,"column":3}},"33":{"start":{"line":95,"column":4},"end":{"line":101,"column":6}},"34":{"start":{"line":104,"column":2},"end":{"line":129,"column":4}},"35":{"start":{"line":108,"column":10},"end":{"line":109,"column":null}},"36":{"start":{"line":113,"column":27},"end":{"line":113,"column":53}},"37":{"start":{"line":114,"column":34},"end":{"line":114,"column":62}},"38":{"start":{"line":11,"column":13},"end":{"line":11,"column":65}}},"fnMap":{"0":{"name":"(anonymous_9)","decl":{"start":{"line":11,"column":65},"end":{"line":11,"column":66}},"loc":{"start":{"line":19,"column":5},"end":{"line":130,"column":1}}},"1":{"name":"(anonymous_10)","decl":{"start":{"line":24,"column":24},"end":{"line":24,"column":29}},"loc":{"start":{"line":24,"column":73},"end":{"line":44,"column":3}}},"2":{"name":"(anonymous_11)","decl":{"start":{"line":28,"column":22},"end":{"line":28,"column":23}},"loc":{"start":{"line":28,"column":35},"end":{"line":28,"column":59}}},"3":{"name":"(anonymous_12)","decl":{"start":{"line":37,"column":8},"end":{"line":37,"column":9}},"loc":{"start":{"line":38,"column":10},"end":{"line":39,"column":71}}},"4":{"name":"(anonymous_13)","decl":{"start":{"line":46,"column":12},"end":{"line":46,"column":15}},"loc":{"start":{"line":46,"column":17},"end":{"line":57,"column":3}}},"5":{"name":"(anonymous_14)","decl":{"start":{"line":56,"column":15},"end":{"line":56,"column":18}},"loc":{"start":{"line":56,"column":21},"end":{"line":56,"column":40}}},"6":{"name":"(anonymous_15)","decl":{"start":{"line":59,"column":29},"end":{"line":59,"column":30}},"loc":{"start":{"line":59,"column":54},"end":{"line":67,"column":3}}},"7":{"name":"(anonymous_16)","decl":{"start":{"line":69,"column":24},"end":{"line":69,"column":25}},"loc":{"start":{"line":69,"column":77},"end":{"line":73,"column":3}}},"8":{"name":"(anonymous_17)","decl":{"start":{"line":107,"column":21},"end":{"line":107,"column":22}},"loc":{"start":{"line":108,"column":10},"end":{"line":109,"column":null}}},"9":{"name":"(anonymous_18)","decl":{"start":{"line":113,"column":21},"end":{"line":113,"column":24}},"loc":{"start":{"line":113,"column":27},"end":{"line":113,"column":53}}},"10":{"name":"(anonymous_19)","decl":{"start":{"line":114,"column":23},"end":{"line":114,"column":24}},"loc":{"start":{"line":114,"column":34},"end":{"line":114,"column":62}}}},"branchMap":{"0":{"loc":{"start":{"line":25,"column":4},"end":{"line":25,"column":33}},"type":"if","locations":[{"start":{"line":25,"column":4},"end":{"line":25,"column":33}},{"start":{},"end":{}}]},"1":{"loc":{"start":{"line":31,"column":4},"end":{"line":41,"column":5}},"type":"if","locations":[{"start":{"line":31,"column":4},"end":{"line":41,"column":5}},{"start":{},"end":{}}]},"2":{"loc":{"start":{"line":38,"column":10},"end":{"line":39,"column":71}},"type":"binary-expr","locations":[{"start":{"line":38,"column":10},"end":{"line":38,"column":63}},{"start":{"line":39,"column":10},"end":{"line":39,"column":71}}]},"3":{"loc":{"start":{"line":48,"column":4},"end":{"line":51,"column":5}},"type":"if","locations":[{"start":{"line":48,"column":4},"end":{"line":51,"column":5}},{"start":{},"end":{}}]},"4":{"loc":{"start":{"line":60,"column":4},"end":{"line":66,"column":5}},"type":"if","locations":[{"start":{"line":60,"column":4},"end":{"line":66,"column":5}},{"start":{},"end":{}}]},"5":{"loc":{"start":{"line":70,"column":4},"end":{"line":72,"column":5}},"type":"if","locations":[{"start":{"line":70,"column":4},"end":{"line":72,"column":5}},{"start":{},"end":{}}]},"6":{"loc":{"start":{"line":75,"column":2},"end":{"line":84,"column":3}},"type":"if","locations":[{"start":{"line":75,"column":2},"end":{"line":84,"column":3}},{"start":{},"end":{}}]},"7":{"loc":{"start":{"line":86,"column":2},"end":{"line":92,"column":3}},"type":"if","locations":[{"start":{"line":86,"column":2},"end":{"line":92,"column":3}},{"start":{},"end":{}}]},"8":{"loc":{"start":{"line":94,"column":2},"end":{"line":102,"column":3}},"type":"if","locations":[{"start":{"line":94,"column":2},"end":{"line":102,"column":3}},{"start":{},"end":{}}]},"9":{"loc":{"start":{"line":111,"column":14},"end":{"line":111,"column":null}},"type":"cond-expr","locations":[{"start":{"line":111,"column":40},"end":{"line":111,"column":64}},{"start":{"line":111,"column":67},"end":{"line":111,"column":null}}]},"10":{"loc":{"start":{"line":120,"column":13},"end":{"line":123,"column":null}},"type":"binary-expr","locations":[{"start":{"line":120,"column":13},"end":{"line":120,"column":31}},{"start":{"line":121,"column":14},"end":{"line":122,"column":null}}]}},"s":{"0":2,"1":2,"2":2,"3":0,"4":0,"5":0,"6":0,"7":0,"8":0,"9":0,"10":0,"11":0,"12":0,"13":0,"14":0,"15":0,"16":0,"17":0,"18":0,"19":0,"20":0,"21":0,"22":0,"23":0,"24":0,"25":0,"26":0,"27":0,"28":0,"29":0,"30":0,"31":0,"32":0,"33":0,"34":0,"35":0,"36":0,"37":0,"38":2},"f":{"0":0,"1":0,"2":0,"3":0,"4":0,"5":0,"6":0,"7":0,"8":0,"9":0,"10":0},"b":{"0":[0,0],"1":[0,0],"2":[0,0],"3":[0,0],"4":[0,0],"5":[0,0],"6":[0,0],"7":[0,0],"8":[0,0],"9":[0,0],"10":[0,0]}}
,"/Users/romangrinevich/projects/ai-assistant-extension/src/components/SpotlightOverlay.tsx": {"path":"/Users/romangrinevich/projects/ai-assistant-extension/src/components/SpotlightOverlay.tsx","statementMap":{"0":{"start":{"line":1,"column":0},"end":{"line":1,"column":64}},"1":{"start":{"line":3,"column":0},"end":{"line":3,"column":62}},"2":{"start":{"line":4,"column":0},"end":{"line":4,"column":62}},"3":{"start":{"line":5,"column":0},"end":{"line":5,"column":44}},"4":{"start":{"line":6,"column":0},"end":{"line":6,"column":46}},"5":{"start":{"line":7,"column":0},"end":{"line":7,"column":54}},"6":{"start":{"line":8,"column":0},"end":{"line":8,"column":48}},"7":{"start":{"line":9,"column":0},"end":{"line":9,"column":32}},"8":{"start":{"line":11,"column":65},"end":{"line":226,"column":1}},"9":{"start":{"line":15,"column":40},"end":{"line":15,"column":52}},"10":{"start":{"line":16,"column":44},"end":{"line":16,"column":55}},"11":{"start":{"line":17,"column":28},"end":{"line":17,"column":73}},"12":{"start":{"line":17,"column":43},"end":{"line":17,"column":72}},"13":{"start":{"line":18,"column":28},"end":{"line":18,"column":73}},"14":{"start":{"line":18,"column":43},"end":{"line":18,"column":72}},"15":{"start":{"line":19,"column":50},"end":{"line":19,"column":69}},"16":{"start":{"line":20,"column":48},"end":{"line":20,"column":67}},"17":{"start":{"line":21,"column":46},"end":{"line":21,"column":58}},"18":{"start":{"line":22,"column":48},"end":{"line":22,"column":62}},"19":{"start":{"line":25,"column":30},"end":{"line":32,"column":23}},"20":{"start":{"line":26,"column":4},"end":{"line":26,"column":63}},"21":{"start":{"line":27,"column":4},"end":{"line":27,"column":61}},"22":{"start":{"line":28,"column":4},"end":{"line":28,"column":59}},"23":{"start":{"line":29,"column":4},"end":{"line":29,"column":58}},"24":{"start":{"line":30,"column":4},"end":{"line":30,"column":24}},"25":{"start":{"line":31,"column":4},"end":{"line":31,"column":23}},"26":{"start":{"line":35,"column":2},"end":{"line":41,"column":56}},"27":{"start":{"line":36,"column":4},"end":{"line":40,"column":5}},"28":{"start":{"line":37,"column":6},"end":{"line":39,"column":9}},"29":{"start":{"line":38,"column":8},"end":{"line":38,"column":30}},"30":{"start":{"line":44,"column":27},"end":{"line":51,"column":54}},"31":{"start":{"line":45,"column":4},"end":{"line":45,"column":49}},"32":{"start":{"line":45,"column":42},"end":{"line":45,"column":49}},"33":{"start":{"line":47,"column":22},"end":{"line":48,"column":null}},"34":{"start":{"line":48,"column":6},"end":{"line":48,"column":62}},"35":{"start":{"line":50,"column":4},"end":{"line":50,"column":77}},"36":{"start":{"line":50,"column":32},"end":{"line":50,"column":74}},"37":{"start":{"line":53,"column":29},"end":{"line":60,"column":54}},"38":{"start":{"line":54,"column":4},"end":{"line":54,"column":49}},"39":{"start":{"line":54,"column":42},"end":{"line":54,"column":49}},"40":{"start":{"line":56,"column":22},"end":{"line":57,"column":null}},"41":{"start":{"line":57,"column":6},"end":{"line":57,"column":62}},"42":{"start":{"line":59,"column":4},"end":{"line":59,"column":77}},"43":{"start":{"line":59,"column":32},"end":{"line":59,"column":74}},"44":{"start":{"line":62,"column":23},"end":{"line":86,"column":4}},"45":{"start":{"line":63,"column":4},"end":{"line":63,"column":49}},"46":{"start":{"line":63,"column":42},"end":{"line":63,"column":49}},"47":{"start":{"line":65,"column":22},"end":{"line":66,"column":null}},"48":{"start":{"line":66,"column":6},"end":{"line":66,"column":62}},"49":{"start":{"line":69,"column":4},"end":{"line":77,"column":5}},"50":{"start":{"line":70,"column":23},"end":{"line":70,"column":47}},"51":{"start":{"line":71,"column":6},"end":{"line":76,"column":7}},"52":{"start":{"line":72,"column":8},"end":{"line":72,"column":18}},"53":{"start":{"line":74,"column":8},"end":{"line":74,"column":56}},"54":{"start":{"line":75,"column":8},"end":{"line":75,"column":30}},"55":{"start":{"line":88,"column":21},"end":{"line":94,"column":53}},"56":{"start":{"line":89,"column":4},"end":{"line":93,"column":5}},"57":{"start":{"line":90,"column":6},"end":{"line":90,"column":28}},"58":{"start":{"line":92,"column":6},"end":{"line":92,"column":16}},"59":{"start":{"line":96,"column":30},"end":{"line":101,"column":26}},"60":{"start":{"line":97,"column":4},"end":{"line":99,"column":5}},"61":{"start":{"line":98,"column":6},"end":{"line":98,"column":16}},"62":{"start":{"line":104,"column":2},"end":{"line":128,"column":5}},"63":{"start":{"line":105,"column":4},"end":{"line":112,"column":7}},"64":{"start":{"line":114,"column":4},"end":{"line":114,"column":41}},"65":{"start":{"line":116,"column":4},"end":{"line":118,"column":6}},"66":{"start":{"line":117,"column":6},"end":{"line":117,"column":39}},"67":{"start":{"line":130,"column":35},"end":{"line":156,"column":3}},"68":{"start":{"line":134,"column":21},"end":{"line":134,"column":64}},"69":{"start":{"line":136,"column":4},"end":{"line":139,"column":5}},"70":{"start":{"line":137,"column":6},"end":{"line":137,"column":55}},"71":{"start":{"line":138,"column":6},"end":{"line":138,"column":13}},"72":{"start":{"line":142,"column":4},"end":{"line":151,"column":5}},"73":{"start":{"line":143,"column":6},"end":{"line":150,"column":7}},"74":{"start":{"line":145,"column":10},"end":{"line":145,"column":20}},"75":{"start":{"line":146,"column":10},"end":{"line":146,"column":17}},"76":{"start":{"line":148,"column":10},"end":{"line":148,"column":59}},"77":{"start":{"line":149,"column":10},"end":{"line":149,"column":17}},"78":{"start":{"line":154,"column":4},"end":{"line":154,"column":61}},"79":{"start":{"line":155,"column":4},"end":{"line":155,"column":26}},"80":{"start":{"line":158,"column":30},"end":{"line":160,"column":3}},"81":{"start":{"line":159,"column":4},"end":{"line":159,"column":47}},"82":{"start":{"line":162,"column":28},"end":{"line":165,"column":3}},"83":{"start":{"line":164,"column":4},"end":{"line":164,"column":45}},"84":{"start":{"line":167,"column":24},"end":{"line":204,"column":3}},"85":{"start":{"line":169,"column":4},"end":{"line":177,"column":5}},"86":{"start":{"line":170,"column":6},"end":{"line":176,"column":8}},"87":{"start":{"line":180,"column":4},"end":{"line":192,"column":5}},"88":{"start":{"line":181,"column":6},"end":{"line":191,"column":8}},"89":{"start":{"line":195,"column":4},"end":{"line":203,"column":6}},"90":{"start":{"line":206,"column":2},"end":{"line":208,"column":3}},"91":{"start":{"line":207,"column":4},"end":{"line":207,"column":16}},"92":{"start":{"line":210,"column":2},"end":{"line":225,"column":4}},"93":{"start":{"line":212,"column":59},"end":{"line":212,"column":78}},"94":{"start":{"line":11,"column":13},"end":{"line":11,"column":65}}},"fnMap":{"0":{"name":"(anonymous_9)","decl":{"start":{"line":11,"column":65},"end":{"line":11,"column":66}},"loc":{"start":{"line":14,"column":5},"end":{"line":226,"column":1}}},"1":{"name":"(anonymous_10)","decl":{"start":{"line":17,"column":37},"end":{"line":17,"column":40}},"loc":{"start":{"line":17,"column":43},"end":{"line":17,"column":72}}},"2":{"name":"(anonymous_11)","decl":{"start":{"line":18,"column":37},"end":{"line":18,"column":40}},"loc":{"start":{"line":18,"column":43},"end":{"line":18,"column":72}}},"3":{"name":"(anonymous_12)","decl":{"start":{"line":25,"column":42},"end":{"line":25,"column":45}},"loc":{"start":{"line":25,"column":47},"end":{"line":32,"column":3}}},"4":{"name":"(anonymous_13)","decl":{"start":{"line":35,"column":12},"end":{"line":35,"column":15}},"loc":{"start":{"line":35,"column":17},"end":{"line":41,"column":3}}},"5":{"name":"(anonymous_14)","decl":{"start":{"line":37,"column":40},"end":{"line":37,"column":43}},"loc":{"start":{"line":37,"column":45},"end":{"line":39,"column":7}}},"6":{"name":"(anonymous_15)","decl":{"start":{"line":44,"column":39},"end":{"line":44,"column":42}},"loc":{"start":{"line":44,"column":44},"end":{"line":51,"column":3}}},"7":{"name":"(anonymous_16)","decl":{"start":{"line":47,"column":46},"end":{"line":47,"column":47}},"loc":{"start":{"line":48,"column":6},"end":{"line":48,"column":62}}},"8":{"name":"(anonymous_17)","decl":{"start":{"line":50,"column":21},"end":{"line":50,"column":22}},"loc":{"start":{"line":50,"column":32},"end":{"line":50,"column":74}}},"9":{"name":"(anonymous_18)","decl":{"start":{"line":53,"column":41},"end":{"line":53,"column":44}},"loc":{"start":{"line":53,"column":46},"end":{"line":60,"column":3}}},"10":{"name":"(anonymous_19)","decl":{"start":{"line":56,"column":46},"end":{"line":56,"column":47}},"loc":{"start":{"line":57,"column":6},"end":{"line":57,"column":62}}},"11":{"name":"(anonymous_20)","decl":{"start":{"line":59,"column":21},"end":{"line":59,"column":22}},"loc":{"start":{"line":59,"column":32},"end":{"line":59,"column":74}}},"12":{"name":"(anonymous_21)","decl":{"start":{"line":62,"column":35},"end":{"line":62,"column":38}},"loc":{"start":{"line":62,"column":40},"end":{"line":78,"column":3}}},"13":{"name":"(anonymous_22)","decl":{"start":{"line":65,"column":46},"end":{"line":65,"column":47}},"loc":{"start":{"line":66,"column":6},"end":{"line":66,"column":62}}},"14":{"name":"(anonymous_23)","decl":{"start":{"line":88,"column":33},"end":{"line":88,"column":36}},"loc":{"start":{"line":88,"column":38},"end":{"line":94,"column":3}}},"15":{"name":"(anonymous_24)","decl":{"start":{"line":96,"column":42},"end":{"line":96,"column":45}},"loc":{"start":{"line":96,"column":47},"end":{"line":101,"column":3}}},"16":{"name":"(anonymous_25)","decl":{"start":{"line":104,"column":12},"end":{"line":104,"column":15}},"loc":{"start":{"line":104,"column":17},"end":{"line":119,"column":3}}},"17":{"name":"(anonymous_26)","decl":{"start":{"line":116,"column":11},"end":{"line":116,"column":14}},"loc":{"start":{"line":116,"column":16},"end":{"line":118,"column":5}}},"18":{"name":"(anonymous_27)","decl":{"start":{"line":130,"column":35},"end":{"line":130,"column":null}},"loc":{"start":{"line":133,"column":6},"end":{"line":156,"column":3}}},"19":{"name":"(anonymous_28)","decl":{"start":{"line":158,"column":30},"end":{"line":158,"column":31}},"loc":{"start":{"line":158,"column":61},"end":{"line":160,"column":3}}},"20":{"name":"(anonymous_29)","decl":{"start":{"line":162,"column":28},"end":{"line":162,"column":33}},"loc":{"start":{"line":162,"column":54},"end":{"line":165,"column":3}}},"21":{"name":"(anonymous_30)","decl":{"start":{"line":167,"column":24},"end":{"line":167,"column":27}},"loc":{"start":{"line":167,"column":29},"end":{"line":204,"column":3}}},"22":{"name":"(anonymous_31)","decl":{"start":{"line":212,"column":52},"end":{"line":212,"column":53}},"loc":{"start":{"line":212,"column":59},"end":{"line":212,"column":78}}}},"branchMap":{"0":{"loc":{"start":{"line":36,"column":4},"end":{"line":40,"column":5}},"type":"if","locations":[{"start":{"line":36,"column":4},"end":{"line":40,"column":5}},{"start":{},"end":{}}]},"1":{"loc":{"start":{"line":45,"column":4},"end":{"line":45,"column":49}},"type":"if","locations":[{"start":{"line":45,"column":4},"end":{"line":45,"column":49}},{"start":{},"end":{}}]},"2":{"loc":{"start":{"line":50,"column":32},"end":{"line":50,"column":74}},"type":"cond-expr","locations":[{"start":{"line":50,"column":43},"end":{"line":50,"column":51}},{"start":{"line":50,"column":54},"end":{"line":50,"column":74}}]},"3":{"loc":{"start":{"line":54,"column":4},"end":{"line":54,"column":49}},"type":"if","locations":[{"start":{"line":54,"column":4},"end":{"line":54,"column":49}},{"start":{},"end":{}}]},"4":{"loc":{"start":{"line":59,"column":32},"end":{"line":59,"column":74}},"type":"cond-expr","locations":[{"start":{"line":59,"column":62},"end":{"line":59,"column":70}},{"start":{"line":59,"column":73},"end":{"line":59,"column":74}}]},"5":{"loc":{"start":{"line":63,"column":4},"end":{"line":63,"column":49}},"type":"if","locations":[{"start":{"line":63,"column":4},"end":{"line":63,"column":49}},{"start":{},"end":{}}]},"6":{"loc":{"start":{"line":69,"column":4},"end":{"line":77,"column":5}},"type":"if","locations":[{"start":{"line":69,"column":4},"end":{"line":77,"column":5}},{"start":{},"end":{}}]},"7":{"loc":{"start":{"line":71,"column":6},"end":{"line":76,"column":7}},"type":"if","locations":[{"start":{"line":71,"column":6},"end":{"line":76,"column":7}},{"start":{"line":73,"column":13},"end":{"line":76,"column":7}}]},"8":{"loc":{"start":{"line":71,"column":10},"end":{"line":71,"column":67}},"type":"binary-expr","locations":[{"start":{"line":71,"column":10},"end":{"line":71,"column":36}},{"start":{"line":71,"column":40},"end":{"line":71,"column":67}}]},"9":{"loc":{"start":{"line":89,"column":4},"end":{"line":93,"column":5}},"type":"if","locations":[{"start":{"line":89,"column":4},"end":{"line":93,"column":5}},{"start":{"line":91,"column":11},"end":{"line":93,"column":5}}]},"10":{"loc":{"start":{"line":97,"column":4},"end":{"line":99,"column":5}},"type":"if","locations":[{"start":{"line":97,"column":4},"end":{"line":99,"column":5}},{"start":{},"end":{}}]},"11":{"loc":{"start":{"line":136,"column":4},"end":{"line":139,"column":5}},"type":"if","locations":[{"start":{"line":136,"column":4},"end":{"line":139,"column":5}},{"start":{},"end":{}}]},"12":{"loc":{"start":{"line":142,"column":4},"end":{"line":151,"column":5}},"type":"if","locations":[{"start":{"line":142,"column":4},"end":{"line":151,"column":5}},{"start":{},"end":{}}]},"13":{"loc":{"start":{"line":143,"column":6},"end":{"line":150,"column":7}},"type":"switch","locations":[{"start":{"line":144,"column":8},"end":{"line":146,"column":17}},{"start":{"line":147,"column":8},"end":{"line":149,"column":17}}]},"14":{"loc":{"start":{"line":169,"column":4},"end":{"line":177,"column":5}},"type":"if","locations":[{"start":{"line":169,"column":4},"end":{"line":177,"column":5}},{"start":{},"end":{}}]},"15":{"loc":{"start":{"line":180,"column":4},"end":{"line":192,"column":5}},"type":"if","locations":[{"start":{"line":180,"column":4},"end":{"line":192,"column":5}},{"start":{},"end":{}}]},"16":{"loc":{"start":{"line":180,"column":8},"end":{"line":180,"column":58}},"type":"binary-expr","locations":[{"start":{"line":180,"column":8},"end":{"line":180,"column":23}},{"start":{"line":180,"column":27},"end":{"line":180,"column":58}}]},"17":{"loc":{"start":{"line":206,"column":2},"end":{"line":208,"column":3}},"type":"if","locations":[{"start":{"line":206,"column":2},"end":{"line":208,"column":3}},{"start":{},"end":{}}]}},"s":{"0":2,"1":2,"2":2,"3":2,"4":2,"5":2,"6":2,"7":2,"8":2,"9":60,"10":60,"11":60,"12":54,"13":60,"14":54,"15":60,"16":60,"17":60,"18":60,"19":60,"20":7,"21":7,"22":7,"23":7,"24":7,"25":7,"26":60,"27":8,"28":7,"29":7,"30":60,"31":0,"32":0,"33":0,"34":0,"35":0,"36":0,"37":60,"38":0,"39":0,"40":0,"41":0,"42":0,"43":0,"44":60,"45":0,"46":0,"47":0,"48":0,"49":0,"50":0,"51":0,"52":0,"53":0,"54":0,"55":60,"56":0,"57":0,"58":0,"59":60,"60":0,"61":0,"62":60,"63":14,"64":14,"65":14,"66":14,"67":60,"68":0,"69":0,"70":0,"71":0,"72":0,"73":0,"74":0,"75":0,"76":0,"77":0,"78":0,"79":0,"80":60,"81":0,"82":60,"83":0,"84":60,"85":13,"86":1,"87":12,"88":0,"89":12,"90":60,"91":1,"92":59,"93":1,"94":2},"f":{"0":60,"1":54,"2":54,"3":7,"4":8,"5":7,"6":0,"7":0,"8":0,"9":0,"10":0,"11":0,"12":0,"13":0,"14":0,"15":0,"16":14,"17":14,"18":0,"19":0,"20":0,"21":13,"22":1},"b":{"0":[7,1],"1":[0,0],"2":[0,0],"3":[0,0],"4":[0,0],"5":[0,0],"6":[0,0],"7":[0,0],"8":[0,0],"9":[0,0],"10":[0,0],"11":[0,0],"12":[0,0],"13":[0,0],"14":[1,12],"15":[0,12],"16":[12,0],"17":[1,59]}}
,"/Users/romangrinevich/projects/ai-assistant-extension/src/components/WorkflowItem.tsx": {"path":"/Users/romangrinevich/projects/ai-assistant-extension/src/components/WorkflowItem.tsx","statementMap":{"0":{"start":{"line":1,"column":0},"end":{"line":1,"column":26}},"1":{"start":{"line":3,"column":0},"end":{"line":3,"column":28}},"2":{"start":{"line":12,"column":57},"end":{"line":56,"column":1}},"3":{"start":{"line":18,"column":26},"end":{"line":33,"column":3}},"4":{"start":{"line":19,"column":4},"end":{"line":32,"column":5}},"5":{"start":{"line":21,"column":8},"end":{"line":21,"column":20}},"6":{"start":{"line":23,"column":8},"end":{"line":23,"column":20}},"7":{"start":{"line":25,"column":8},"end":{"line":25,"column":20}},"8":{"start":{"line":27,"column":8},"end":{"line":27,"column":19}},"9":{"start":{"line":29,"column":8},"end":{"line":29,"column":19}},"10":{"start":{"line":31,"column":8},"end":{"line":31,"column":20}},"11":{"start":{"line":35,"column":2},"end":{"line":55,"column":4}},"12":{"start":{"line":12,"column":13},"end":{"line":12,"column":57}}},"fnMap":{"0":{"name":"(anonymous_1)","decl":{"start":{"line":12,"column":57},"end":{"line":12,"column":58}},"loc":{"start":{"line":17,"column":5},"end":{"line":56,"column":1}}},"1":{"name":"(anonymous_2)","decl":{"start":{"line":18,"column":26},"end":{"line":18,"column":27}},"loc":{"start":{"line":18,"column":43},"end":{"line":33,"column":3}}}},"branchMap":{"0":{"loc":{"start":{"line":19,"column":4},"end":{"line":32,"column":5}},"type":"switch","locations":[{"start":{"line":20,"column":6},"end":{"line":21,"column":20}},{"start":{"line":22,"column":6},"end":{"line":23,"column":20}},{"start":{"line":24,"column":6},"end":{"line":25,"column":20}},{"start":{"line":26,"column":6},"end":{"line":27,"column":19}},{"start":{"line":28,"column":6},"end":{"line":29,"column":19}},{"start":{"line":30,"column":6},"end":{"line":31,"column":20}}]},"1":{"loc":{"start":{"line":37,"column":34},"end":{"line":37,"column":76}},"type":"cond-expr","locations":[{"start":{"line":37,"column":47},"end":{"line":37,"column":71}},{"start":{"line":37,"column":74},"end":{"line":37,"column":76}}]},"2":{"loc":{"start":{"line":47,"column":9},"end":{"line":48,"column":null}},"type":"binary-expr","locations":[{"start":{"line":47,"column":9},"end":{"line":47,"column":35}},{"start":{"line":48,"column":10},"end":{"line":48,"column":67}}]},"3":{"loc":{"start":{"line":51,"column":7},"end":{"line":52,"column":null}},"type":"binary-expr","locations":[{"start":{"line":51,"column":7},"end":{"line":51,"column":33}},{"start":{"line":52,"column":8},"end":{"line":52,"column":52}}]}},"s":{"0":3,"1":3,"2":3,"3":13,"4":13,"5":5,"6":4,"7":0,"8":4,"9":0,"10":0,"11":13,"12":3},"f":{"0":13,"1":13},"b":{"0":[5,4,0,4,0,0],"1":[5,8],"2":[13,9],"3":[13,9]}}
,"/Users/romangrinevich/projects/ai-assistant-extension/src/components/WorkflowList.tsx": {"path":"/Users/romangrinevich/projects/ai-assistant-extension/src/components/WorkflowList.tsx","statementMap":{"0":{"start":{"line":1,"column":0},"end":{"line":1,"column":26}},"1":{"start":{"line":3,"column":0},"end":{"line":3,"column":46}},"2":{"start":{"line":4,"column":0},"end":{"line":4,"column":28}},"3":{"start":{"line":14,"column":57},"end":{"line":64,"column":1}},"4":{"start":{"line":22,"column":28},"end":{"line":23,"column":null}},"5":{"start":{"line":23,"column":4},"end":{"line":23,"column":67}},"6":{"start":{"line":26,"column":26},"end":{"line":32,"column":3}},"7":{"start":{"line":27,"column":4},"end":{"line":31,"column":5}},"8":{"start":{"line":28,"column":6},"end":{"line":28,"column":16}},"9":{"start":{"line":30,"column":6},"end":{"line":30,"column":30}},"10":{"start":{"line":34,"column":28},"end":{"line":41,"column":3}},"11":{"start":{"line":38,"column":4},"end":{"line":40,"column":5}},"12":{"start":{"line":39,"column":6},"end":{"line":39,"column":32}},"13":{"start":{"line":43,"column":2},"end":{"line":49,"column":3}},"14":{"start":{"line":44,"column":4},"end":{"line":48,"column":6}},"15":{"start":{"line":51,"column":2},"end":{"line":63,"column":4}},"16":{"start":{"line":54,"column":8},"end":{"line":55,"column":null}},"17":{"start":{"line":58,"column":25},"end":{"line":58,"column":50}},"18":{"start":{"line":59,"column":32},"end":{"line":59,"column":66}},"19":{"start":{"line":14,"column":13},"end":{"line":14,"column":57}}},"fnMap":{"0":{"name":"(anonymous_1)","decl":{"start":{"line":14,"column":57},"end":{"line":14,"column":58}},"loc":{"start":{"line":20,"column":5},"end":{"line":64,"column":1}}},"1":{"name":"(anonymous_2)","decl":{"start":{"line":22,"column":45},"end":{"line":22,"column":46}},"loc":{"start":{"line":23,"column":4},"end":{"line":23,"column":67}}},"2":{"name":"(anonymous_3)","decl":{"start":{"line":26,"column":26},"end":{"line":26,"column":27}},"loc":{"start":{"line":26,"column":49},"end":{"line":32,"column":3}}},"3":{"name":"(anonymous_4)","decl":{"start":{"line":34,"column":28},"end":{"line":34,"column":null}},"loc":{"start":{"line":37,"column":6},"end":{"line":41,"column":3}}},"4":{"name":"(anonymous_5)","decl":{"start":{"line":53,"column":29},"end":{"line":53,"column":30}},"loc":{"start":{"line":54,"column":8},"end":{"line":55,"column":null}}},"5":{"name":"(anonymous_6)","decl":{"start":{"line":58,"column":19},"end":{"line":58,"column":22}},"loc":{"start":{"line":58,"column":25},"end":{"line":58,"column":50}}},"6":{"name":"(anonymous_7)","decl":{"start":{"line":59,"column":21},"end":{"line":59,"column":22}},"loc":{"start":{"line":59,"column":32},"end":{"line":59,"column":66}}}},"branchMap":{"0":{"loc":{"start":{"line":27,"column":4},"end":{"line":31,"column":5}},"type":"if","locations":[{"start":{"line":27,"column":4},"end":{"line":31,"column":5}},{"start":{"line":29,"column":11},"end":{"line":31,"column":5}}]},"1":{"loc":{"start":{"line":27,"column":8},"end":{"line":27,"column":65}},"type":"binary-expr","locations":[{"start":{"line":27,"column":8},"end":{"line":27,"column":34}},{"start":{"line":27,"column":38},"end":{"line":27,"column":65}}]},"2":{"loc":{"start":{"line":38,"column":4},"end":{"line":40,"column":5}},"type":"if","locations":[{"start":{"line":38,"column":4},"end":{"line":40,"column":5}},{"start":{},"end":{}}]},"3":{"loc":{"start":{"line":43,"column":2},"end":{"line":49,"column":3}},"type":"if","locations":[{"start":{"line":43,"column":2},"end":{"line":49,"column":3}},{"start":{},"end":{}}]}},"s":{"0":3,"1":3,"2":3,"3":3,"4":18,"5":18,"6":18,"7":2,"8":1,"9":1,"10":18,"11":0,"12":0,"13":18,"14":13,"15":5,"16":13,"17":2,"18":0,"19":3},"f":{"0":18,"1":18,"2":2,"3":0,"4":13,"5":2,"6":0},"b":{"0":[1,1],"1":[2,1],"2":[0,0],"3":[13,5]}}
,"/Users/romangrinevich/projects/ai-assistant-extension/src/components/WorkflowRenderer.tsx": {"path":"/Users/romangrinevich/projects/ai-assistant-extension/src/components/WorkflowRenderer.tsx","statementMap":{"0":{"start":{"line":1,"column":0},"end":{"line":1,"column":26}},"1":{"start":{"line":4,"column":0},"end":{"line":4,"column":52}},"2":{"start":{"line":5,"column":0},"end":{"line":5,"column":48}},"3":{"start":{"line":6,"column":0},"end":{"line":6,"column":52}},"4":{"start":{"line":8,"column":66},"end":{"line":48,"column":1}},"5":{"start":{"line":9,"column":23},"end":{"line":9,"column":28}},"6":{"start":{"line":12,"column":2},"end":{"line":15,"column":3}},"7":{"start":{"line":14,"column":4},"end":{"line":14,"column":16}},"8":{"start":{"line":17,"column":2},"end":{"line":47,"column":3}},"9":{"start":{"line":19,"column":6},"end":{"line":19,"column":44}},"10":{"start":{"line":22,"column":6},"end":{"line":22,"column":42}},"11":{"start":{"line":25,"column":6},"end":{"line":25,"column":44}},"12":{"start":{"line":29,"column":6},"end":{"line":29,"column":18}},"13":{"start":{"line":33,"column":6},"end":{"line":33,"column":18}},"14":{"start":{"line":36,"column":6},"end":{"line":46,"column":8}},"15":{"start":{"line":8,"column":13},"end":{"line":8,"column":66}}},"fnMap":{"0":{"name":"(anonymous_1)","decl":{"start":{"line":8,"column":66},"end":{"line":8,"column":67}},"loc":{"start":{"line":8,"column":76},"end":{"line":48,"column":1}}}},"branchMap":{"0":{"loc":{"start":{"line":12,"column":2},"end":{"line":15,"column":3}},"type":"if","locations":[{"start":{"line":12,"column":2},"end":{"line":15,"column":3}},{"start":{},"end":{}}]},"1":{"loc":{"start":{"line":12,"column":6},"end":{"line":12,"column":43}},"type":"binary-expr","locations":[{"start":{"line":12,"column":6},"end":{"line":12,"column":30}},{"start":{"line":12,"column":34},"end":{"line":12,"column":43}}]},"2":{"loc":{"start":{"line":17,"column":2},"end":{"line":47,"column":3}},"type":"switch","locations":[{"start":{"line":18,"column":4},"end":{"line":19,"column":44}},{"start":{"line":21,"column":4},"end":{"line":22,"column":42}},{"start":{"line":24,"column":4},"end":{"line":25,"column":44}},{"start":{"line":27,"column":4},"end":{"line":29,"column":18}},{"start":{"line":31,"column":4},"end":{"line":33,"column":18}},{"start":{"line":35,"column":4},"end":{"line":46,"column":8}}]}},"s":{"0":2,"1":2,"2":2,"3":2,"4":2,"5":0,"6":0,"7":0,"8":0,"9":0,"10":0,"11":0,"12":0,"13":0,"14":0,"15":2},"f":{"0":0},"b":{"0":[0,0],"1":[0,0],"2":[0,0,0,0,0,0]}}
,"/Users/romangrinevich/projects/ai-assistant-extension/src/services/AIService.ts": {"path":"/Users/romangrinevich/projects/ai-assistant-extension/src/services/AIService.ts","statementMap":{"0":{"start":{"line":33,"column":4},"end":{"line":38,"column":6}},"1":{"start":{"line":76,"column":4},"end":{"line":76,"column":51}},"2":{"start":{"line":83,"column":38},"end":{"line":83,"column":49}},"3":{"start":{"line":84,"column":4},"end":{"line":84,"column":22}},"4":{"start":{"line":29,"column":0},"end":{"line":29,"column":22}},"5":{"start":{"line":92,"column":10},"end":{"line":105,"column":4}},"6":{"start":{"line":107,"column":10},"end":{"line":107,"column":28}},"7":{"start":{"line":114,"column":4},"end":{"line":116,"column":6}},"8":{"start":{"line":115,"column":6},"end":{"line":115,"column":53}},"9":{"start":{"line":119,"column":25},"end":{"line":119,"column":69}},"10":{"start":{"line":120,"column":22},"end":{"line":120,"column":78}},"11":{"start":{"line":123,"column":29},"end":{"line":123,"column":77}},"12":{"start":{"line":124,"column":4},"end":{"line":124,"column":25}},"13":{"start":{"line":127,"column":21},"end":{"line":130,"column":null}},"14":{"start":{"line":133,"column":4},"end":{"line":142,"column":6}},"15":{"start":{"line":151,"column":25},"end":{"line":151,"column":65}},"16":{"start":{"line":153,"column":4},"end":{"line":163,"column":5}},"17":{"start":{"line":155,"column":20},"end":{"line":155,"column":51}},"18":{"start":{"line":156,"column":6},"end":{"line":162,"column":7}},"19":{"start":{"line":156,"column":19},"end":{"line":156,"column":20}},"20":{"start":{"line":157,"column":8},"end":{"line":159,"column":10}},"21":{"start":{"line":158,"column":10},"end":{"line":158,"column":55}},"22":{"start":{"line":160,"column":22},"end":{"line":160,"column":57}},"23":{"start":{"line":161,"column":8},"end":{"line":161,"column":23}},"24":{"start":{"line":165,"column":4},"end":{"line":165,"column":24}},"25":{"start":{"line":170,"column":4},"end":{"line":170,"column":16}},"26":{"start":{"line":174,"column":4},"end":{"line":178,"column":6}},"27":{"start":{"line":186,"column":4},"end":{"line":192,"column":5}},"28":{"start":{"line":188,"column":26},"end":{"line":188,"column":53}},"29":{"start":{"line":189,"column":6},"end":{"line":191,"column":7}},"30":{"start":{"line":190,"column":8},"end":{"line":190,"column":26}},"31":{"start":{"line":195,"column":25},"end":{"line":195,"column":46}},"32":{"start":{"line":196,"column":4},"end":{"line":203,"column":5}},"33":{"start":{"line":202,"column":6},"end":{"line":202,"column":24}},"34":{"start":{"line":205,"column":4},"end":{"line":205,"column":20}},"35":{"start":{"line":214,"column":19},"end":{"line":214,"column":27}},"36":{"start":{"line":217,"column":4},"end":{"line":224,"column":5}},"37":{"start":{"line":218,"column":6},"end":{"line":221,"column":47}},"38":{"start":{"line":223,"column":6},"end":{"line":223,"column":45}},"39":{"start":{"line":227,"column":27},"end":{"line":232,"column":6}},"40":{"start":{"line":234,"column":4},"end":{"line":235,"column":72}},"41":{"start":{"line":238,"column":25},"end":{"line":243,"column":6}},"42":{"start":{"line":245,"column":22},"end":{"line":245,"column":55}},"43":{"start":{"line":246,"column":4},"end":{"line":248,"column":5}},"44":{"start":{"line":246,"column":17},"end":{"line":246,"column":18}},"45":{"start":{"line":247,"column":6},"end":{"line":247,"column":80}},"46":{"start":{"line":251,"column":4},"end":{"line":253,"column":5}},"47":{"start":{"line":252,"column":6},"end":{"line":252,"column":107}},"48":{"start":{"line":255,"column":4},"end":{"line":255,"column":20}},"49":{"start":{"line":262,"column":4},"end":{"line":291,"column":5}},"50":{"start":{"line":265,"column":8},"end":{"line":265,"column":14}},"51":{"start":{"line":268,"column":8},"end":{"line":268,"column":14}},"52":{"start":{"line":270,"column":8},"end":{"line":273,"column":10}},"53":{"start":{"line":274,"column":8},"end":{"line":274,"column":14}},"54":{"start":{"line":277,"column":8},"end":{"line":290,"column":10}},"55":{"start":{"line":91,"column":0},"end":{"line":91,"column":13}},"56":{"start":{"line":302,"column":4},"end":{"line":302,"column":37}},"57":{"start":{"line":306,"column":20},"end":{"line":306,"column":43}},"58":{"start":{"line":307,"column":4},"end":{"line":313,"column":5}},"59":{"start":{"line":308,"column":6},"end":{"line":312,"column":8}},"60":{"start":{"line":314,"column":4},"end":{"line":314,"column":21}},"61":{"start":{"line":318,"column":4},"end":{"line":318,"column":44}},"62":{"start":{"line":322,"column":4},"end":{"line":322,"column":37}},"63":{"start":{"line":298,"column":0},"end":{"line":298,"column":13}},"64":{"start":{"line":299,"column":17},"end":{"line":299,"column":68}},"65":{"start":{"line":327,"column":0},"end":{"line":327,"column":61}},"66":{"start":{"line":327,"column":40},"end":{"line":327,"column":59}},"67":{"start":{"line":335,"column":10},"end":{"line":335,"column":55}},"68":{"start":{"line":338,"column":4},"end":{"line":338,"column":59}},"69":{"start":{"line":342,"column":4},"end":{"line":344,"column":5}},"70":{"start":{"line":343,"column":6},"end":{"line":343,"column":57}},"71":{"start":{"line":345,"column":4},"end":{"line":345,"column":37}},"72":{"start":{"line":349,"column":4},"end":{"line":362,"column":5}},"73":{"start":{"line":350,"column":22},"end":{"line":350,"column":59}},"74":{"start":{"line":351,"column":22},"end":{"line":351,"column":52}},"75":{"start":{"line":353,"column":6},"end":{"line":355,"column":7}},"76":{"start":{"line":354,"column":8},"end":{"line":354,"column":74}},"77":{"start":{"line":357,"column":6},"end":{"line":357,"column":36}},"78":{"start":{"line":358,"column":6},"end":{"line":358,"column":39}},"79":{"start":{"line":360,"column":6},"end":{"line":360,"column":66}},"80":{"start":{"line":361,"column":6},"end":{"line":361,"column":18}},"81":{"start":{"line":366,"column":4},"end":{"line":366,"column":31}},"82":{"start":{"line":373,"column":4},"end":{"line":373,"column":61}},"83":{"start":{"line":381,"column":4},"end":{"line":381,"column":76}},"84":{"start":{"line":385,"column":4},"end":{"line":385,"column":48}},"85":{"start":{"line":389,"column":4},"end":{"line":389,"column":51}},"86":{"start":{"line":332,"column":0},"end":{"line":332,"column":13}}},"fnMap":{"0":{"name":"(anonymous_0)","decl":{"start":{"line":32,"column":2},"end":{"line":32,"column":14}},"loc":{"start":{"line":32,"column":42},"end":{"line":39,"column":3}}},"1":{"name":"(anonymous_1)","decl":{"start":{"line":75,"column":2},"end":{"line":75,"column":14}},"loc":{"start":{"line":75,"column":50},"end":{"line":77,"column":3}}},"2":{"name":"(anonymous_2)","decl":{"start":{"line":82,"column":2},"end":{"line":82,"column":11}},"loc":{"start":{"line":82,"column":11},"end":{"line":85,"column":3}}},"3":{"name":"(anonymous_3)","decl":{"start":{"line":91,"column":0},"end":{"line":91,"column":13}},"loc":{"start":{"line":91,"column":0},"end":{"line":293,"column":1}}},"4":{"name":"(anonymous_4)","decl":{"start":{"line":109,"column":2},"end":{"line":109,"column":7}},"loc":{"start":{"line":111,"column":27},"end":{"line":143,"column":3}}},"5":{"name":"(anonymous_5)","decl":{"start":{"line":114,"column":22},"end":{"line":114,"column":23}},"loc":{"start":{"line":115,"column":6},"end":{"line":115,"column":53}}},"6":{"name":"(anonymous_6)","decl":{"start":{"line":145,"column":2},"end":{"line":145,"column":7}},"loc":{"start":{"line":148,"column":37},"end":{"line":166,"column":3}}},"7":{"name":"(anonymous_7)","decl":{"start":{"line":157,"column":26},"end":{"line":157,"column":27}},"loc":{"start":{"line":158,"column":10},"end":{"line":158,"column":55}}},"8":{"name":"(anonymous_8)","decl":{"start":{"line":168,"column":2},"end":{"line":168,"column":7}},"loc":{"start":{"line":168,"column":22},"end":{"line":171,"column":3}}},"9":{"name":"(anonymous_9)","decl":{"start":{"line":173,"column":2},"end":{"line":173,"column":16}},"loc":{"start":{"line":173,"column":16},"end":{"line":179,"column":3}}},"10":{"name":"(anonymous_10)","decl":{"start":{"line":181,"column":10},"end":{"line":181,"column":31}},"loc":{"start":{"line":183,"column":27},"end":{"line":206,"column":3}}},"11":{"name":"(anonymous_11)","decl":{"start":{"line":208,"column":10},"end":{"line":208,"column":36}},"loc":{"start":{"line":211,"column":27},"end":{"line":256,"column":3}}},"12":{"name":"(anonymous_12)","decl":{"start":{"line":261,"column":2},"end":{"line":261,"column":21}},"loc":{"start":{"line":261,"column":69},"end":{"line":292,"column":3}}},"13":{"name":"(anonymous_13)","decl":{"start":{"line":301,"column":2},"end":{"line":301,"column":8}},"loc":{"start":{"line":301,"column":56},"end":{"line":303,"column":3}}},"14":{"name":"(anonymous_14)","decl":{"start":{"line":305,"column":2},"end":{"line":305,"column":8}},"loc":{"start":{"line":305,"column":54},"end":{"line":315,"column":3}}},"15":{"name":"(anonymous_15)","decl":{"start":{"line":317,"column":2},"end":{"line":317,"column":8}},"loc":{"start":{"line":317,"column":29},"end":{"line":319,"column":3}}},"16":{"name":"(anonymous_16)","decl":{"start":{"line":321,"column":2},"end":{"line":321,"column":8}},"loc":{"start":{"line":321,"column":47},"end":{"line":323,"column":3}}},"17":{"name":"(anonymous_17)","decl":{"start":{"line":327,"column":34},"end":{"line":327,"column":37}},"loc":{"start":{"line":327,"column":40},"end":{"line":327,"column":59}}},"18":{"name":"(anonymous_18)","decl":{"start":{"line":337,"column":2},"end":{"line":337,"column":null}},"loc":{"start":{"line":337,"column":2},"end":{"line":339,"column":3}}},"19":{"name":"(anonymous_19)","decl":{"start":{"line":341,"column":2},"end":{"line":341,"column":8}},"loc":{"start":{"line":341,"column":20},"end":{"line":346,"column":3}}},"20":{"name":"(anonymous_20)","decl":{"start":{"line":348,"column":2},"end":{"line":348,"column":7}},"loc":{"start":{"line":348,"column":57},"end":{"line":363,"column":3}}},"21":{"name":"(anonymous_21)","decl":{"start":{"line":365,"column":2},"end":{"line":365,"column":19}},"loc":{"start":{"line":365,"column":19},"end":{"line":367,"column":3}}},"22":{"name":"(anonymous_22)","decl":{"start":{"line":369,"column":2},"end":{"line":369,"column":7}},"loc":{"start":{"line":371,"column":27},"end":{"line":374,"column":3}}},"23":{"name":"(anonymous_23)","decl":{"start":{"line":376,"column":2},"end":{"line":376,"column":7}},"loc":{"start":{"line":379,"column":37},"end":{"line":382,"column":3}}},"24":{"name":"(anonymous_24)","decl":{"start":{"line":384,"column":2},"end":{"line":384,"column":16}},"loc":{"start":{"line":384,"column":16},"end":{"line":386,"column":3}}},"25":{"name":"(anonymous_25)","decl":{"start":{"line":388,"column":2},"end":{"line":388,"column":22}},"loc":{"start":{"line":388,"column":22},"end":{"line":390,"column":3}}}},"branchMap":{"0":{"loc":{"start":{"line":32,"column":14},"end":{"line":32,"column":42}},"type":"default-arg","locations":[{"start":{"line":32,"column":40},"end":{"line":32,"column":42}}]},"1":{"loc":{"start":{"line":120,"column":22},"end":{"line":120,"column":78}},"type":"binary-expr","locations":[{"start":{"line":120,"column":22},"end":{"line":120,"column":50}},{"start":{"line":120,"column":54},"end":{"line":120,"column":78}}]},"2":{"loc":{"start":{"line":153,"column":4},"end":{"line":163,"column":5}},"type":"if","locations":[{"start":{"line":153,"column":4},"end":{"line":163,"column":5}},{"start":{},"end":{}}]},"3":{"loc":{"start":{"line":160,"column":22},"end":{"line":160,"column":57}},"type":"cond-expr","locations":[{"start":{"line":160,"column":32},"end":{"line":160,"column":40}},{"start":{"line":160,"column":43},"end":{"line":160,"column":57}}]},"4":{"loc":{"start":{"line":186,"column":4},"end":{"line":192,"column":5}},"type":"if","locations":[{"start":{"line":186,"column":4},"end":{"line":192,"column":5}},{"start":{},"end":{}}]},"5":{"loc":{"start":{"line":186,"column":8},"end":{"line":186,"column":37}},"type":"binary-expr","locations":[{"start":{"line":186,"column":8},"end":{"line":186,"column":15}},{"start":{"line":186,"column":19},"end":{"line":186,"column":37}}]},"6":{"loc":{"start":{"line":189,"column":6},"end":{"line":191,"column":7}},"type":"if","locations":[{"start":{"line":189,"column":6},"end":{"line":191,"column":7}},{"start":{},"end":{}}]},"7":{"loc":{"start":{"line":196,"column":4},"end":{"li
[...]
,"/Users/romangrinevich/projects/ai-assistant-extension/src/services/WorkflowManager.ts": {"path":"/Users/romangrinevich/projects/ai-assistant-extension/src/services/WorkflowManager.ts","statementMap":{"0":{"start":{"line":7,"column":0},"end":{"line":7,"column":46}},"1":{"start":{"line":11,"column":10},"end":{"line":11,"column":47}},"2":{"start":{"line":12,"column":10},"end":{"line":12,"column":65}},"3":{"start":{"line":17,"column":4},"end":{"line":19,"column":5}},"4":{"start":{"line":18,"column":6},"end":{"line":18,"column":55}},"5":{"start":{"line":20,"column":4},"end":{"line":20,"column":36}},"6":{"start":{"line":24,"column":25},"end":{"line":24,"column":51}},"7":{"start":{"line":25,"column":4},"end":{"line":25,"column":50}},"8":{"start":{"line":26,"column":4},"end":{"line":26,"column":26}},"9":{"start":{"line":30,"column":4},"end":{"line":30,"column":57}},"10":{"start":{"line":37,"column":4},"end":{"line":39,"column":5}},"11":{"start":{"line":38,"column":6},"end":{"line":38,"column":57}},"12":{"start":{"line":41,"column":21},"end":{"line":41,"column":54}},"13":{"start":{"line":42,"column":4},"end":{"line":44,"column":5}},"14":{"start":{"line":43,"column":6},"end":{"line":43,"column":59}},"15":{"start":{"line":47,"column":34},"end":{"line":51,"column":6}},"16":{"start":{"line":54,"column":4},"end":{"line":54,"column":41}},"17":{"start":{"line":55,"column":4},"end":{"line":55,"column":42}},"18":{"start":{"line":59,"column":4},"end":{"line":61,"column":5}},"19":{"start":{"line":60,"column":6},"end":{"line":60,"column":19}},"20":{"start":{"line":64,"column":4},"end":{"line":64,"column":33}},"21":{"start":{"line":67,"column":4},"end":{"line":73,"column":5}},"22":{"start":{"line":69,"column":8},"end":{"line":69,"column":65}},"23":{"start":{"line":70,"column":6},"end":{"line":70,"column":53}},"24":{"start":{"line":72,"column":6},"end":{"line":72,"column":43}},"25":{"start":{"line":75,"column":4},"end":{"line":75,"column":16}},"26":{"start":{"line":79,"column":4},"end":{"line":81,"column":5}},"27":{"start":{"line":80,"column":6},"end":{"line":80,"column":16}},"28":{"start":{"line":83,"column":4},"end":{"line":88,"column":5}},"29":{"start":{"line":85,"column":6},"end":{"line":87,"column":25}},"30":{"start":{"line":86,"column":21},"end":{"line":86,"column":47}},"31":{"start":{"line":91,"column":28},"end":{"line":91,"column":75}},"32":{"start":{"line":92,"column":4},"end":{"line":94,"column":5}},"33":{"start":{"line":93,"column":6},"end":{"line":93,"column":16}},"34":{"start":{"line":96,"column":4},"end":{"line":98,"column":23}},"35":{"start":{"line":97,"column":19},"end":{"line":97,"column":45}},"36":{"start":{"line":102,"column":4},"end":{"line":104,"column":5}},"37":{"start":{"line":103,"column":6},"end":{"line":103,"column":18}},"38":{"start":{"line":106,"column":4},"end":{"line":106,"column":67}},"39":{"start":{"line":110,"column":4},"end":{"line":112,"column":5}},"40":{"start":{"line":111,"column":6},"end":{"line":111,"column":16}},"41":{"start":{"line":114,"column":24},"end":{"line":114,"column":78}},"42":{"start":{"line":114,"column":61},"end":{"line":114,"column":77}},"43":{"start":{"line":115,"column":4},"end":{"line":115,"column":41}},"44":{"start":{"line":119,"column":28},"end":{"line":119,"column":53}},"45":{"start":{"line":120,"column":4},"end":{"line":122,"column":5}},"46":{"start":{"line":121,"column":6},"end":{"line":121,"column":18}},"47":{"start":{"line":124,"column":4},"end":{"line":124,"column":50}},"48":{"start":{"line":128,"column":28},"end":{"line":128,"column":53}},"49":{"start":{"line":129,"column":4},"end":{"line":131,"column":5}},"50":{"start":{"line":130,"column":6},"end":{"line":130,"column":35}},"51":{"start":{"line":133,"column":4},"end":{"line":133,"column":60}},"52":{"start":{"line":137,"column":4},"end":{"line":137,"column":35}},"53":{"start":{"line":141,"column":4},"end":{"line":141,"column":50}},"54":{"start":{"line":145,"column":4},"end":{"line":147,"column":5}},"55":{"start":{"line":146,"column":6},"end":{"line":146,"column":18}},"56":{"start":{"line":148,"column":4},"end":{"line":148,"column":45}},"57":{"start":{"line":152,"column":4},"end":{"line":154,"column":5}},"58":{"start":{"line":153,"column":6},"end":{"line":153,"column":23}},"59":{"start":{"line":157,"column":6},"end":{"line":157,"column":63}},"60":{"start":{"line":158,"column":4},"end":{"line":158,"column":32}},"61":{"start":{"line":9,"column":0},"end":{"line":9,"column":13}}},"fnMap":{"0":{"name":"(anonymous_0)","decl":{"start":{"line":14,"column":2},"end":{"line":14,"column":25}},"loc":{"start":{"line":14,"column":2},"end":{"line":14,"column":26}}},"1":{"name":"(anonymous_1)","decl":{"start":{"line":16,"column":9},"end":{"line":16,"column":15}},"loc":{"start":{"line":16,"column":27},"end":{"line":21,"column":3}}},"2":{"name":"(anonymous_2)","decl":{"start":{"line":23,"column":9},"end":{"line":23,"column":14}},"loc":{"start":{"line":23,"column":25},"end":{"line":27,"column":3}}},"3":{"name":"(anonymous_3)","decl":{"start":{"line":29,"column":9},"end":{"line":29,"column":23}},"loc":{"start":{"line":29,"column":23},"end":{"line":31,"column":3}}},"4":{"name":"(anonymous_4)","decl":{"start":{"line":33,"column":9},"end":{"line":33,"column":27}},"loc":{"start":{"line":35,"column":34},"end":{"line":56,"column":3}}},"5":{"name":"(anonymous_5)","decl":{"start":{"line":58,"column":9},"end":{"line":58,"column":15}},"loc":{"start":{"line":58,"column":15},"end":{"line":76,"column":3}}},"6":{"name":"(anonymous_6)","decl":{"start":{"line":78,"column":9},"end":{"line":78,"column":28}},"loc":{"start":{"line":78,"column":28},"end":{"line":99,"column":3}}},"7":{"name":"(anonymous_7)","decl":{"start":{"line":86,"column":13},"end":{"line":86,"column":14}},"loc":{"start":{"line":86,"column":21},"end":{"line":86,"column":47}}},"8":{"name":"(anonymous_8)","decl":{"start":{"line":97,"column":11},"end":{"line":97,"column":12}},"loc":{"start":{"line":97,"column":19},"end":{"line":97,"column":45}}},"9":{"name":"(anonymous_9)","decl":{"start":{"line":101,"column":9},"end":{"line":101,"column":27}},"loc":{"start":{"line":101,"column":27},"end":{"line":107,"column":3}}},"10":{"name":"(anonymous_10)","decl":{"start":{"line":109,"column":9},"end":{"line":109,"column":26}},"loc":{"start":{"line":109,"column":26},"end":{"line":116,"column":3}}},"11":{"name":"(anonymous_11)","decl":{"start":{"line":114,"column":51},"end":{"line":114,"column":52}},"loc":{"start":{"line":114,"column":61},"end":{"line":114,"column":77}}},"12":{"name":"(anonymous_12)","decl":{"start":{"line":118,"column":9},"end":{"line":118,"column":24}},"loc":{"start":{"line":118,"column":24},"end":{"line":125,"column":3}}},"13":{"name":"(anonymous_13)","decl":{"start":{"line":127,"column":9},"end":{"line":127,"column":29}},"loc":{"start":{"line":127,"column":29},"end":{"line":134,"column":3}}},"14":{"name":"(anonymous_14)","decl":{"start":{"line":136,"column":9},"end":{"line":136,"column":23}},"loc":{"start":{"line":136,"column":23},"end":{"line":138,"column":3}}},"15":{"name":"(anonymous_15)","decl":{"start":{"line":140,"column":9},"end":{"line":140,"column":25}},"loc":{"start":{"line":140,"column":25},"end":{"line":142,"column":3}}},"16":{"name":"(anonymous_16)","decl":{"start":{"line":144,"column":9},"end":{"line":144,"column":24}},"loc":{"start":{"line":144,"column":35},"end":{"line":149,"column":3}}},"17":{"name":"(anonymous_17)","decl":{"start":{"line":151,"column":9},"end":{"line":151,"column":27}},"loc":{"start":{"line":151,"column":27},"end":{"line":159,"column":3}}}},"branchMap":{"0":{"loc":{"start":{"line":17,"column":4},"end":{"line":19,"column":5}},"type":"if","locations":[{"start":{"line":17,"column":4},"end":{"line":19,"column":5}},{"start":{},"end":{}}]},"1":{"loc":{"start":{"line":37,"column":4},"end":{"line":39,"column":5}},"type":"if","locations":[{"start":{"line":37,"column":4},"end":{"line":39,"column":5}},{"start":{},"end":{}}]},"2":{"loc":{"start":{"line":42,"column":4},"end":{"line":44,"column":5}},"type":"if","locations":[{"start":{"line":42,"column":4},"end":{"line":44,"column":5}},{"start":{},"end":{}}]},"3":{"loc":{"start":{"line":50,"column":19},"end":{"line":50,"column":57}},"type":"binary-expr","locations":[{"start":{"line":50,"column":19},"end":{"line":50,"column":40}},{"start":{"line":50,"column":44},"end":{"line":50,"column":57}}]},"4":{"loc":{"start":{"line":59,"column":4},"end":{"line":61,"column":5}},"type":"if","locations":[{"start":{"line":59,"column":4},"end":{"line":61,"column":5}},{"start":{},"end":{}}]},"5":{"loc":{"start":{"line":67,"column":4},"end":{"line":73,"column":5}},"type":"if","locations":[{"start":{"line":67,"column":4},"end":{"line":73,"column":5}},{"start":{"line":71,"column":11},"end":{"line":73,"column":5}}]},"6":{"loc":{"start":{"line":79,"column":4},"end":{"line":81,"column":5}},"type":"if","locations":[{"start":{"line":79,"column":4},"end":{"line":81,"column":5}},{"start":{},"end":{}}]},"7":{"loc":{"start":{"line":83,"column":4},"end":{"line":88,"column":5}},"type":"if","locations":[{"start":{"line":83,"column":4},"end":{"line":88,"column":5}},{"start":{},"end":{}}]},"8":{"loc":{"start":{"line":92,"column":4},"end":{"line":94,"column":5}},"type":"if","locations":[{"start":{"line":92,"column":4},"end":{"line":94,"column":5}},{"start":{},"end":{}}]},"9":{"loc":{"start":{"line":92,"column":8},"end":{"line":92,"column":53}},"type":"binary-expr","locations":[{"start":{"line":92,"column":8},"end":{"line":92,"column":24}},{"start":{"line":92,"column":28},"end":{"line":92,"column":53}}]},"10":{"loc":{"start":{"line":102,"column":4},"end":{"line":104,"column":5}},"type":"if","locations":[{"start":{"line":102,"column":4},"end":{"line":104,"column":5}},{"start":{},"end":{}}]},"11":{"loc":{"start":{"line":102,"column":8},"end":{"line":102,"column":62}},"type":"binary-expr","locations":[{"start":{"line":102,"column":8},"end":{"line":102,"column":20}},{"start":{"line":102,"column":24},"end":{"line":102,"column":62}}]},"12":{"loc":{"start":{"line":106,"column":11},"end":{"line":106,"column":66}},"type":"binary-expr","locations":[{"start":{"line":106,"column":11},"end":{"line":106,"column":58}},{"start":{"line":106,"column":62},"end":{"line":106,"column":66}}]},"13":{"loc":{"start":{"line":110,"column":4},"end":{"line":112,"column":5}},"type":"if","locations":[{"start":{"line":110,"column":4},"end":{"line":112,"column":5}},{"start":{},"end":{}}]},"14":{"loc":{"start":{"line":120,"column":4},"end":{"line":122,"column":5}},"type":"if","locations":[{"start":{"line":120,"column":4},"end":{"line":122,"column":5}},{"start":{},"end":{}}]},"15":{"loc":{"start":{"line":124,"column":11},"end":{"line":124,"column":49}},"type":"binary-expr","locations":[{"start":{"line":124,"column":11},"end":{"line":124,"column":40}},{"start":{"line":124,"column":44},"end":{"line":124,"column":49}}]},"16":{"loc":{"start":{"line":129,"column":4},"end":{"line":131,"column":5}},"type":"if","locations":[{"start":{"line":129,"column":4},"end":{"line":131,"column":5}},{"start":{},"end":{}}]},"17":{"loc":{"start":{"line":133,"column":11},"end":{"line":133,"column":59}},"type":"binary-expr","locations":[{"start":{"line":133,"column":11},"end":{"line":133,"column":44}},{"start":{"line":133,"column":48},"end":{"line":133,"column":59}}]},"18":{"loc":{"start":{"line":145,"column":4},"end":{"line":147,"column":5}},"type":"if","locations":[{"start":{"line":145,"column":4},"end":{"line":147,"column":5}},{"start":{},"end":{}}]},"19":{"loc":{"start":{"line":148,"column":11},"end":{"line":148,"column":44}},"type":"binary-expr","locations":[{"start":{"line":148,"column":11},"end":{"line":148,"column":36}},{"start":{"line":148,"column":40},"end":{"line":148,"column":44}}]},"20":{"loc":{"start":{"line":152,"column":4},"end":{"line":154,"column":5}},"type":"if","locations":[{"start":{"line":152,"column":4},"end":{"line":154,"column":5}},{"start":{},"end":{}}]}},"s":{"0":3,"1":1,"2":1,"3":7,"4":1,"5":7,"6":7,"7":7,"8":7,"9":7,"10":5,"11":0,"12":5,"13":5,"14":1,"15":4,"16":4,"17":4,"18":1,"19":0,"20":1,"21":1,"22":0,"23":0,"24":1,"25":1,"26":1,"27":0,"28":1,"29":1,"30":3,"31":0,"32":0,"33":0,"34":0,"35":0,"36":4,"37":1,"38":3,"39":2,"40":0,"41":2,"42":2,"43":2,"44":2,"45":2,"46":1,"47":1,"48":0,"49":0,"50":0,"51":0,"52":0,"53":2,"54":0,"55":0,"56":0,"57":1,"58":0,"59":1,"60":1,"61":3},"f":{"0":1,"1":7,"2":7,"3":7,"4":5,"5":1,"6":1,"7":3,"8":0,"9":4,"10":2,"11":2,"12":2,"13":0,"14":0,"15":2,"16":0,"17":1},"b":{"0":[1,6],"1":[0,5],"2":[1,4],"3":[4,3],"4":[0,1],"5":[0,1],"6":[0,1],"7":[1,0],"8":[0,0],"9":[0,0],"10":[1,3],"11":[4,4],"12":[3,0],"13":[0,2],"14":[1,1],"15":[1,0],"16":[0,0],"17":[0,0],"18":[0,0],"19":[0,0],"20":[0,1]}}
,"/Users/romangrinevich/projects/ai-assistant-extension/src/utils/validation.ts": {"path":"/Users/romangrinevich/projects/ai-assistant-extension/src/utils/validation.ts","statementMap":{"0":{"start":{"line":3,"column":0},"end":{"line":3,"column":16}},"1":{"start":{"line":26,"column":0},"end":{"line":26,"column":16}},"2":{"start":{"line":73,"column":0},"end":{"line":73,"column":16}},"3":{"start":{"line":4,"column":2},"end":{"line":6,"column":3}},"4":{"start":{"line":5,"column":4},"end":{"line":5,"column":17}},"5":{"start":{"line":8,"column":2},"end":{"line":10,"column":3}},"6":{"start":{"line":9,"column":4},"end":{"line":9,"column":17}},"7":{"start":{"line":12,"column":2},"end":{"line":14,"column":3}},"8":{"start":{"line":13,"column":4},"end":{"line":13,"column":17}},"9":{"start":{"line":17,"column":2},"end":{"line":21,"column":3}},"10":{"start":{"line":18,"column":4},"end":{"line":20,"column":5}},"11":{"start":{"line":19,"column":6},"end":{"line":19,"column":19}},"12":{"start":{"line":23,"column":2},"end":{"line":23,"column":14}},"13":{"start":{"line":30,"column":2},"end":{"line":32,"column":3}},"14":{"start":{"line":31,"column":4},"end":{"line":31,"column":17}},"15":{"start":{"line":34,"column":25},"end":{"line":34,"column":60}},"16":{"start":{"line":35,"column":2},"end":{"line":39,"column":3}},"17":{"start":{"line":36,"column":4},"end":{"line":38,"column":5}},"18":{"start":{"line":37,"column":6},"end":{"line":37,"column":19}},"19":{"start":{"line":41,"column":2},"end":{"line":43,"column":3}},"20":{"start":{"line":42,"column":4},"end":{"line":42,"column":17}},"21":{"start":{"line":45,"column":21},"end":{"line":53,"column":4}},"22":{"start":{"line":54,"column":2},"end":{"line":56,"column":3}},"23":{"start":{"line":55,"column":4},"end":{"line":55,"column":17}},"24":{"start":{"line":59,"column":2},"end":{"line":61,"column":3}},"25":{"start":{"line":60,"column":4},"end":{"line":60,"column":17}},"26":{"start":{"line":63,"column":2},"end":{"line":68,"column":3}},"27":{"start":{"line":67,"column":4},"end":{"line":67,"column":17}},"28":{"start":{"line":70,"column":2},"end":{"line":70,"column":14}},"29":{"start":{"line":74,"column":2},"end":{"line":99,"column":4}}},"fnMap":{"0":{"name":"validateWorkflowConfig","decl":{"start":{"line":3,"column":16},"end":{"line":3,"column":38}},"loc":{"start":{"line":3,"column":50},"end":{"line":24,"column":1}}},"1":{"name":"validateWorkflow","decl":{"start":{"line":26,"column":16},"end":{"line":26,"column":32}},"loc":{"start":{"line":28,"column":21},"end":{"line":71,"column":1}}},"2":{"name":"createDefaultConfig","decl":{"start":{"line":73,"column":16},"end":{"line":73,"column":35}},"loc":{"start":{"line":73,"column":35},"end":{"line":100,"column":1}}}},"branchMap":{"0":{"loc":{"start":{"line":4,"column":2},"end":{"line":6,"column":3}},"type":"if","locations":[{"start":{"line":4,"column":2},"end":{"line":6,"column":3}},{"start":{},"end":{}}]},"1":{"loc":{"start":{"line":4,"column":6},"end":{"line":4,"column":43}},"type":"binary-expr","locations":[{"start":{"line":4,"column":6},"end":{"line":4,"column":13}},{"start":{"line":4,"column":17},"end":{"line":4,"column":43}}]},"2":{"loc":{"start":{"line":8,"column":2},"end":{"line":10,"column":3}},"type":"if","locations":[{"start":{"line":8,"column":2},"end":{"line":10,"column":3}},{"start":{},"end":{}}]},"3":{"loc":{"start":{"line":8,"column":6},"end":{"line":8,"column":63}},"type":"binary-expr","locations":[{"start":{"line":8,"column":6},"end":{"line":8,"column":23}},{"start":{"line":8,"column":27},"end":{"line":8,"column":63}}]},"4":{"loc":{"start":{"line":12,"column":2},"end":{"line":14,"column":3}},"type":"if","locations":[{"start":{"line":12,"column":2},"end":{"line":14,"column":3}},{"start":{},"end":{}}]},"5":{"loc":{"start":{"line":18,"column":4},"end":{"line":20,"column":5}},"type":"if","locations":[{"start":{"line":18,"column":4},"end":{"line":20,"column":5}},{"start":{},"end":{}}]},"6":{"loc":{"start":{"line":30,"column":2},"end":{"line":32,"column":3}},"type":"if","locations":[{"start":{"line":30,"column":2},"end":{"line":32,"column":3}},{"start":{},"end":{}}]},"7":{"loc":{"start":{"line":30,"column":6},"end":{"line":30,"column":47}},"type":"binary-expr","locations":[{"start":{"line":30,"column":6},"end":{"line":30,"column":15}},{"start":{"line":30,"column":19},"end":{"line":30,"column":47}}]},"8":{"loc":{"start":{"line":36,"column":4},"end":{"line":38,"column":5}},"type":"if","locations":[{"start":{"line":36,"column":4},"end":{"line":38,"column":5}},{"start":{},"end":{}}]},"9":{"loc":{"start":{"line":36,"column":8},"end":{"line":36,"column":63}},"type":"binary-expr","locations":[{"start":{"line":36,"column":8},"end":{"line":36,"column":24}},{"start":{"line":36,"column":28},"end":{"line":36,"column":63}}]},"10":{"loc":{"start":{"line":41,"column":2},"end":{"line":43,"column":3}},"type":"if","locations":[{"start":{"line":41,"column":2},"end":{"line":43,"column":3}},{"start":{},"end":{}}]},"11":{"loc":{"start":{"line":41,"column":6},"end":{"line":41,"column":46}},"type":"binary-expr","locations":[{"start":{"line":41,"column":6},"end":{"line":41,"column":16}},{"start":{"line":41,"column":20},"end":{"line":41,"column":46}}]},"12":{"loc":{"start":{"line":54,"column":2},"end":{"line":56,"column":3}},"type":"if","locations":[{"start":{"line":54,"column":2},"end":{"line":56,"column":3}},{"start":{},"end":{}}]},"13":{"loc":{"start":{"line":59,"column":2},"end":{"line":61,"column":3}},"type":"if","locations":[{"start":{"line":59,"column":2},"end":{"line":61,"column":3}},{"start":{},"end":{}}]},"14":{"loc":{"start":{"line":59,"column":6},"end":{"line":59,"column":60}},"type":"binary-expr","locations":[{"start":{"line":59,"column":6},"end":{"line":59,"column":23}},{"start":{"line":59,"column":27},"end":{"line":59,"column":60}}]},"15":{"loc":{"start":{"line":63,"column":2},"end":{"line":68,"column":3}},"type":"if","locations":[{"start":{"line":63,"column":2},"end":{"line":68,"column":3}},{"start":{},"end":{}}]},"16":{"loc":{"start":{"line":64,"column":4},"end":{"line":65,"column":47}},"type":"binary-expr","locations":[{"start":{"line":64,"column":4},"end":{"line":64,"column":40}},{"start":{"line":65,"column":4},"end":{"line":65,"column":47}}]}},"s":{"0":5,"1":5,"2":5,"3":4,"4":0,"5":4,"6":1,"7":3,"8":0,"9":3,"10":9,"11":0,"12":3,"13":9,"14":0,"15":9,"16":9,"17":36,"18":0,"19":9,"20":0,"21":9,"22":9,"23":0,"24":9,"25":0,"26":9,"27":0,"28":9,"29":11},"f":{"0":4,"1":9,"2":11},"b":{"0":[0,4],"1":[4,4],"2":[1,3],"3":[4,3],"4":[0,3],"5":[0,9],"6":[0,9],"7":[9,9],"8":[0,36],"9":[36,36],"10":[0,9],"11":[9,9],"12":[0,9],"13":[0,9],"14":[9,0],"15":[0,9],"16":[9,6]}}
}
