TN:
SF:src/content.ts
FN:15,(anonymous_1)
FN:24,(anonymous_2)
FN:27,(anonymous_3)
FN:33,(anonymous_4)
FN:50,(anonymous_5)
FN:80,(anonymous_6)
FN:82,(anonymous_7)
FN:87,(anonymous_8)
FN:91,(anonymous_9)
FN:100,(anonymous_10)
FN:112,(anonymous_11)
FN:118,(anonymous_12)
FN:123,(anonymous_13)
FN:131,(anonymous_14)
FN:150,(anonymous_15)
FN:169,(anonymous_16)
FN:193,initializeContentScript
FN:212,(anonymous_18)
FN:220,(anonymous_19)
FNF:19
FNH:14
FNDA:17,(anonymous_1)
FNDA:16,(anonymous_2)
FNDA:0,(anonymous_3)
FNDA:15,(anonymous_4)
FNDA:15,(anonymous_5)
FNDA:15,(anonymous_6)
FNDA:6,(anonymous_7)
FNDA:17,(anonymous_8)
FNDA:2,(anonymous_9)
FNDA:15,(anonymous_10)
FNDA:24,(anonymous_11)
FNDA:0,(anonymous_12)
FNDA:6,(anonymous_13)
FNDA:5,(anonymous_14)
FNDA:4,(anonymous_15)
FNDA:3,(anonymous_16)
FNDA:0,initializeContentScript
FNDA:0,(anonymous_18)
FNDA:0,(anonymous_19)
DA:1,1
DA:2,1
DA:3,1
DA:4,1
DA:10,17
DA:11,17
DA:13,17
DA:16,17
DA:17,17
DA:18,16
DA:20,1
DA:26,16
DA:27,1
DA:29,15
DA:34,15
DA:36,15
DA:39,15
DA:42,15
DA:44,15
DA:46,0
DA:52,15
DA:55,15
DA:56,1
DA:57,1
DA:61,14
DA:62,14
DA:65,14
DA:77,14
DA:82,15
DA:83,6
DA:87,15
DA:88,17
DA:91,2
DA:92,2
DA:93,2
DA:101,15
DA:102,0
DA:106,15
DA:109,15
DA:113,24
DA:115,24
DA:118,0
DA:124,6
DA:125,1
DA:127,5
DA:132,5
DA:134,5
DA:137,5
DA:138,5
DA:142,5
DA:145,5
DA:147,5
DA:151,4
DA:153,4
DA:156,4
DA:157,4
DA:161,4
DA:164,4
DA:166,4
DA:171,3
DA:172,2
DA:175,3
DA:176,3
DA:180,3
DA:183,3
DA:185,3
DA:190,1
DA:194,0
DA:195,0
DA:196,0
DA:198,0
DA:207,1
DA:208,0
DA:212,1
DA:213,0
DA:214,0
DA:219,1
DA:220,0
DA:221,0
DA:222,0
DA:223,0
DA:226,0
DA:227,0
DA:233,1
LF:84
LH:68
BRDA:26,0,0,1
BRDA:26,0,1,15
BRDA:55,1,0,1
BRDA:55,1,1,14
BRDA:88,2,0,2
BRDA:88,2,1,15
BRDA:88,3,0,17
BRDA:88,3,1,17
BRDA:92,4,0,2
BRDA:92,4,1,0
BRDA:101,5,0,0
BRDA:101,5,1,15
BRDA:113,6,0,0
BRDA:113,6,1,24
BRDA:124,7,0,1
BRDA:124,7,1,5
BRDA:132,8,0,0
BRDA:132,8,1,5
BRDA:137,9,0,5
BRDA:137,9,1,0
BRDA:151,10,0,0
BRDA:151,10,1,4
BRDA:156,11,0,4
BRDA:156,11,1,0
BRDA:171,12,0,2
BRDA:171,12,1,1
BRDA:171,13,0,3
BRDA:171,13,1,3
BRDA:175,14,0,3
BRDA:175,14,1,0
BRDA:194,15,0,0
BRDA:194,15,1,0
BRDA:194,16,0,0
BRDA:194,16,1,0
BRDA:207,17,0,0
BRDA:207,17,1,1
BRDA:207,18,0,1
BRDA:207,18,1,1
BRDA:213,19,0,0
BRDA:213,19,1,0
BRDA:219,20,0,0
BRDA:219,20,1,1
BRDA:219,21,0,1
BRDA:219,21,1,1
BRDA:221,22,0,0
BRDA:221,22,1,0
BRDA:222,23,0,0
BRDA:222,23,1,0
BRF:48
BRH:28
end_of_record
TN:
SF:src/components/ChatInterface.tsx
FN:7,(anonymous_9)
FN:17,(anonymous_10)
FN:21,(anonymous_11)
FN:25,(anonymous_12)
FN:35,(anonymous_13)
FN:44,(anonymous_14)
FN:51,(anonymous_15)
FN:60,(anonymous_16)
FNF:8
FNH:4
FNDA:9,(anonymous_9)
FNDA:9,(anonymous_10)
FNDA:9,(anonymous_11)
FNDA:0,(anonymous_12)
FNDA:0,(anonymous_13)
FNDA:0,(anonymous_14)
FNDA:0,(anonymous_15)
FNDA:9,(anonymous_16)
DA:1,3
DA:3,3
DA:4,3
DA:5,3
DA:7,3
DA:12,9
DA:13,9
DA:14,9
DA:15,9
DA:17,9
DA:18,9
DA:21,9
DA:22,9
DA:25,9
DA:26,0
DA:28,0
DA:35,0
DA:36,0
DA:37,0
DA:39,0
DA:41,0
DA:44,0
DA:45,0
DA:51,0
DA:52,0
DA:55,0
DA:56,0
DA:60,9
DA:61,9
DA:63,8
DA:65,1
DA:67,0
DA:71,9
LF:33
LH:19
BRDA:10,0,0,0
BRDA:26,1,0,0
BRDA:26,1,1,0
BRDA:26,2,0,0
BRDA:26,2,1,0
BRDA:61,3,0,8
BRDA:61,3,1,1
BRDA:61,3,2,0
BRDA:75,4,0,8
BRDA:75,4,1,1
BRDA:78,5,0,8
BRDA:78,5,1,1
BRF:12
BRH:6
end_of_record
TN:
SF:src/components/FormInterface.tsx
FN:6,(anonymous_1)
FN:19,(anonymous_2)
FN:23,(anonymous_3)
FNF:3
FNH:3
FNDA:5,(anonymous_1)
FNDA:1,(anonymous_2)
FNDA:1,(anonymous_3)
DA:1,3
DA:3,3
DA:4,3
DA:6,3
DA:15,5
DA:16,5
DA:17,5
DA:19,5
DA:20,1
DA:23,5
DA:25,1
DA:28,5
LF:12
LH:12
BRDA:17,0,0,5
BRDA:17,0,1,0
BRDA:17,0,2,0
BRDA:38,1,0,5
BRDA:38,1,1,0
BRDA:43,2,0,5
BRDA:43,2,1,0
BRDA:48,3,0,5
BRDA:48,3,1,0
BRF:9
BRH:4
end_of_record
TN:
SF:src/components/LoaderInterface.tsx
FN:5,(anonymous_1)
FNF:1
FNH:0
FNDA:0,(anonymous_1)
DA:1,2
DA:3,2
DA:5,2
DA:8,0
LF:4
LH:3
BRF:0
BRH:0
end_of_record
TN:
SF:src/components/MessageList.tsx
FN:10,(anonymous_1)
FN:14,(anonymous_2)
FN:37,(anonymous_3)
FNF:3
FNH:3
FNDA:21,(anonymous_1)
FNDA:20,(anonymous_2)
FNDA:20,(anonymous_3)
DA:1,4
DA:3,4
DA:10,4
DA:14,21
DA:15,20
DA:21,21
DA:22,9
DA:35,12
DA:38,20
LF:9
LH:9
BRDA:21,0,0,9
BRDA:21,0,1,12
BRDA:21,1,0,21
BRDA:21,1,1,10
BRDA:41,2,0,11
BRDA:41,2,1,9
BRDA:51,3,0,12
BRDA:51,3,1,3
BRF:8
BRH:8
end_of_record
TN:
SF:src/components/PromptInput.tsx
FN:12,(anonymous_9)
FN:21,(anonymous_10)
FN:28,(anonymous_11)
FN:36,(anonymous_12)
FN:40,(anonymous_13)
FN:47,(anonymous_14)
FNF:6
FNH:6
FNDA:27,(anonymous_9)
FNDA:27,(anonymous_10)
FNDA:27,(anonymous_11)
FNDA:1,(anonymous_12)
FNDA:2,(anonymous_13)
FNDA:4,(anonymous_14)
DA:1,4
DA:2,4
DA:12,4
DA:19,27
DA:21,27
DA:23,27
DA:24,26
DA:28,27
DA:30,27
DA:31,27
DA:32,27
DA:36,27
DA:37,1
DA:40,27
DA:41,2
DA:42,1
DA:43,1
DA:47,27
DA:48,4
DA:49,4
DA:53,27
LF:21
LH:21
BRDA:23,0,0,26
BRDA:23,0,1,1
BRDA:23,1,0,27
BRDA:23,1,1,27
BRDA:30,2,0,27
BRDA:30,2,1,0
BRDA:41,3,0,1
BRDA:41,3,1,1
BRDA:41,4,0,2
BRDA:41,4,1,2
BRDA:48,5,0,4
BRDA:48,5,1,0
BRDA:48,6,0,4
BRDA:48,6,1,4
BRDA:69,7,0,7
BRDA:69,7,1,20
BRDA:69,8,0,27
BRDA:69,8,1,7
BRDA:72,9,0,27
BRDA:72,9,1,7
BRF:20
BRH:18
end_of_record
TN:
SF:src/components/SearchField.tsx
FN:5,(anonymous_9)
FN:15,(anonymous_10)
FN:22,(anonymous_11)
FN:28,(anonymous_12)
FNF:4
FNH:4
FNDA:21,(anonymous_9)
FNDA:15,(anonymous_10)
FNDA:5,(anonymous_11)
FNDA:5,(anonymous_12)
DA:1,3
DA:3,3
DA:5,3
DA:13,21
DA:15,21
DA:17,15
DA:18,13
DA:22,21
DA:23,5
DA:24,5
DA:28,21
DA:29,5
DA:30,1
DA:34,21
LF:14
LH:14
BRDA:17,0,0,13
BRDA:17,0,1,2
BRDA:17,1,0,15
BRDA:17,1,1,13
BRDA:23,2,0,5
BRDA:23,2,1,0
BRDA:29,3,0,1
BRDA:29,3,1,4
BRDA:37,4,0,21
BRDA:37,4,1,1
BRF:10
BRH:9
end_of_record
TN:
SF:src/components/SearchInterface.tsx
FN:11,(anonymous_9)
FN:24,(anonymous_10)
FN:28,(anonymous_11)
FN:37,(anonymous_12)
FN:46,(anonymous_13)
FN:56,(anonymous_14)
FN:59,(anonymous_15)
FN:69,(anonymous_16)
FN:107,(anonymous_17)
FN:113,(anonymous_18)
FN:114,(anonymous_19)
FNF:11
FNH:0
FNDA:0,(anonymous_9)
FNDA:0,(anonymous_10)
FNDA:0,(anonymous_11)
FNDA:0,(anonymous_12)
FNDA:0,(anonymous_13)
FNDA:0,(anonymous_14)
FNDA:0,(anonymous_15)
FNDA:0,(anonymous_16)
FNDA:0,(anonymous_17)
FNDA:0,(anonymous_18)
FNDA:0,(anonymous_19)
DA:1,2
DA:3,2
DA:11,2
DA:20,0
DA:21,0
DA:24,0
DA:25,0
DA:28,0
DA:31,0
DA:32,0
DA:38,0
DA:43,0
DA:46,0
DA:47,0
DA:48,0
DA:49,0
DA:50,0
DA:53,0
DA:54,0
DA:56,0
DA:59,0
DA:60,0
DA:61,0
DA:69,0
DA:70,0
DA:71,0
DA:75,0
DA:76,0
DA:86,0
DA:87,0
DA:94,0
DA:95,0
DA:104,0
DA:108,0
DA:113,0
DA:114,0
LF:36
LH:3
BRDA:25,0,0,0
BRDA:25,0,1,0
BRDA:31,1,0,0
BRDA:31,1,1,0
BRDA:38,2,0,0
BRDA:38,2,1,0
BRDA:48,3,0,0
BRDA:48,3,1,0
BRDA:60,4,0,0
BRDA:60,4,1,0
BRDA:70,5,0,0
BRDA:70,5,1,0
BRDA:75,6,0,0
BRDA:75,6,1,0
BRDA:86,7,0,0
BRDA:86,7,1,0
BRDA:94,8,0,0
BRDA:94,8,1,0
BRDA:111,9,0,0
BRDA:111,9,1,0
BRDA:120,10,0,0
BRDA:120,10,1,0
BRF:22
BRH:0
end_of_record
TN:
SF:src/components/SpotlightOverlay.tsx
FN:11,(anonymous_9)
FN:17,(anonymous_10)
FN:18,(anonymous_11)
FN:25,(anonymous_12)
FN:35,(anonymous_13)
FN:37,(anonymous_14)
FN:44,(anonymous_15)
FN:47,(anonymous_16)
FN:50,(anonymous_17)
FN:53,(anonymous_18)
FN:56,(anonymous_19)
FN:59,(anonymous_20)
FN:62,(anonymous_21)
FN:65,(anonymous_22)
FN:88,(anonymous_23)
FN:96,(anonymous_24)
FN:104,(anonymous_25)
FN:116,(anonymous_26)
FN:130,(anonymous_27)
FN:158,(anonymous_28)
FN:162,(anonymous_29)
FN:167,(anonymous_30)
FN:212,(anonymous_31)
FNF:23
FNH:10
FNDA:60,(anonymous_9)
FNDA:54,(anonymous_10)
FNDA:54,(anonymous_11)
FNDA:7,(anonymous_12)
FNDA:8,(anonymous_13)
FNDA:7,(anonymous_14)
FNDA:0,(anonymous_15)
FNDA:0,(anonymous_16)
FNDA:0,(anonymous_17)
FNDA:0,(anonymous_18)
FNDA:0,(anonymous_19)
FNDA:0,(anonymous_20)
FNDA:0,(anonymous_21)
FNDA:0,(anonymous_22)
FNDA:0,(anonymous_23)
FNDA:0,(anonymous_24)
FNDA:14,(anonymous_25)
FNDA:14,(anonymous_26)
FNDA:0,(anonymous_27)
FNDA:0,(anonymous_28)
FNDA:0,(anonymous_29)
FNDA:13,(anonymous_30)
FNDA:1,(anonymous_31)
DA:1,2
DA:3,2
DA:4,2
DA:5,2
DA:6,2
DA:7,2
DA:8,2
DA:9,2
DA:11,2
DA:15,60
DA:16,60
DA:17,60
DA:18,60
DA:19,60
DA:20,60
DA:21,60
DA:22,60
DA:25,60
DA:26,7
DA:27,7
DA:28,7
DA:29,7
DA:30,7
DA:31,7
DA:35,60
DA:36,8
DA:37,7
DA:38,7
DA:44,60
DA:45,0
DA:47,0
DA:48,0
DA:50,0
DA:53,60
DA:54,0
DA:56,0
DA:57,0
DA:59,0
DA:62,60
DA:63,0
DA:65,0
DA:66,0
DA:69,0
DA:70,0
DA:71,0
DA:72,0
DA:74,0
DA:75,0
DA:88,60
DA:89,0
DA:90,0
DA:92,0
DA:96,60
DA:97,0
DA:98,0
DA:104,60
DA:105,14
DA:114,14
DA:116,14
DA:117,14
DA:130,60
DA:134,0
DA:136,0
DA:137,0
DA:138,0
DA:142,0
DA:143,0
DA:145,0
DA:146,0
DA:148,0
DA:149,0
DA:154,0
DA:155,0
DA:158,60
DA:159,0
DA:162,60
DA:164,0
DA:167,60
DA:169,13
DA:170,1
DA:180,12
DA:181,0
DA:195,12
DA:206,60
DA:207,1
DA:210,59
DA:212,1
LF:87
LH:50
BRDA:36,0,0,7
BRDA:36,0,1,1
BRDA:45,1,0,0
BRDA:45,1,1,0
BRDA:50,2,0,0
BRDA:50,2,1,0
BRDA:54,3,0,0
BRDA:54,3,1,0
BRDA:59,4,0,0
BRDA:59,4,1,0
BRDA:63,5,0,0
BRDA:63,5,1,0
BRDA:69,6,0,0
BRDA:69,6,1,0
BRDA:71,7,0,0
BRDA:71,7,1,0
BRDA:71,8,0,0
BRDA:71,8,1,0
BRDA:89,9,0,0
BRDA:89,9,1,0
BRDA:97,10,0,0
BRDA:97,10,1,0
BRDA:136,11,0,0
BRDA:136,11,1,0
BRDA:142,12,0,0
BRDA:142,12,1,0
BRDA:143,13,0,0
BRDA:143,13,1,0
BRDA:169,14,0,1
BRDA:169,14,1,12
BRDA:180,15,0,0
BRDA:180,15,1,12
BRDA:180,16,0,12
BRDA:180,16,1,0
BRDA:206,17,0,1
BRDA:206,17,1,59
BRF:36
BRH:8
end_of_record
TN:
SF:src/components/WorkflowItem.tsx
FN:12,(anonymous_1)
FN:18,(anonymous_2)
FNF:2
FNH:2
FNDA:13,(anonymous_1)
FNDA:13,(anonymous_2)
DA:1,3
DA:3,3
DA:12,3
DA:18,13
DA:19,13
DA:21,5
DA:23,4
DA:25,0
DA:27,4
DA:29,0
DA:31,0
DA:35,13
LF:12
LH:9
BRDA:19,0,0,5
BRDA:19,0,1,4
BRDA:19,0,2,0
BRDA:19,0,3,4
BRDA:19,0,4,0
BRDA:19,0,5,0
BRDA:37,1,0,5
BRDA:37,1,1,8
BRDA:47,2,0,13
BRDA:47,2,1,9
BRDA:51,3,0,13
BRDA:51,3,1,9
BRF:12
BRH:9
end_of_record
TN:
SF:src/components/WorkflowList.tsx
FN:14,(anonymous_1)
FN:22,(anonymous_2)
FN:26,(anonymous_3)
FN:34,(anonymous_4)
FN:53,(anonymous_5)
FN:58,(anonymous_6)
FN:59,(anonymous_7)
FNF:7
FNH:5
FNDA:18,(anonymous_1)
FNDA:18,(anonymous_2)
FNDA:2,(anonymous_3)
FNDA:0,(anonymous_4)
FNDA:13,(anonymous_5)
FNDA:2,(anonymous_6)
FNDA:0,(anonymous_7)
DA:1,3
DA:3,3
DA:4,3
DA:14,3
DA:22,18
DA:23,18
DA:26,18
DA:27,2
DA:28,1
DA:30,1
DA:34,18
DA:38,0
DA:39,0
DA:43,18
DA:44,13
DA:51,5
DA:54,13
DA:58,2
DA:59,0
LF:19
LH:16
BRDA:27,0,0,1
BRDA:27,0,1,1
BRDA:27,1,0,2
BRDA:27,1,1,1
BRDA:38,2,0,0
BRDA:38,2,1,0
BRDA:43,3,0,13
BRDA:43,3,1,5
BRF:8
BRH:6
end_of_record
TN:
SF:src/components/WorkflowRenderer.tsx
FN:8,(anonymous_1)
FNF:1
FNH:0
FNDA:0,(anonymous_1)
DA:1,2
DA:4,2
DA:5,2
DA:6,2
DA:8,2
DA:9,0
DA:12,0
DA:14,0
DA:17,0
DA:19,0
DA:22,0
DA:25,0
DA:29,0
DA:33,0
DA:36,0
LF:15
LH:5
BRDA:12,0,0,0
BRDA:12,0,1,0
BRDA:12,1,0,0
BRDA:12,1,1,0
BRDA:17,2,0,0
BRDA:17,2,1,0
BRDA:17,2,2,0
BRDA:17,2,3,0
BRDA:17,2,4,0
BRDA:17,2,5,0
BRF:10
BRH:0
end_of_record
TN:
SF:src/services/AIService.ts
FN:32,(anonymous_0)
FN:75,(anonymous_1)
FN:82,(anonymous_2)
FN:91,(anonymous_3)
FN:109,(anonymous_4)
FN:114,(anonymous_5)
FN:145,(anonymous_6)
FN:157,(anonymous_7)
FN:168,(anonymous_8)
FN:173,(anonymous_9)
FN:181,(anonymous_10)
FN:208,(anonymous_11)
FN:261,(anonymous_12)
FN:301,(anonymous_13)
FN:305,(anonymous_14)
FN:317,(anonymous_15)
FN:321,(anonymous_16)
FN:327,(anonymous_17)
FN:337,(anonymous_18)
FN:341,(anonymous_19)
FN:348,(anonymous_20)
FN:365,(anonymous_21)
FN:369,(anonymous_22)
FN:376,(anonymous_23)
FN:384,(anonymous_24)
FN:388,(anonymous_25)
FNF:26
FNH:25
FNDA:36,(anonymous_0)
FNDA:1,(anonymous_1)
FNDA:7,(anonymous_2)
FNDA:34,(anonymous_3)
FNDA:13,(anonymous_4)
FNDA:13,(anonymous_5)
FNDA:3,(anonymous_6)
FNDA:69,(anonymous_7)
FNDA:4,(anonymous_8)
FNDA:2,(anonymous_9)
FNDA:13,(anonymous_10)
FNDA:13,(anonymous_11)
FNDA:3,(anonymous_12)
FNDA:10,(anonymous_13)
FNDA:7,(anonymous_14)
FNDA:2,(anonymous_15)
FNDA:12,(anonymous_16)
FNDA:0,(anonymous_17)
FNDA:10,(anonymous_18)
FNDA:11,(anonymous_19)
FNDA:5,(anonymous_20)
FNDA:4,(anonymous_21)
FNDA:1,(anonymous_22)
FNDA:1,(anonymous_23)
FNDA:1,(anonymous_24)
FNDA:1,(anonymous_25)
DA:29,2
DA:33,36
DA:76,1
DA:83,7
DA:84,7
DA:91,2
DA:92,34
DA:107,34
DA:114,13
DA:115,13
DA:119,13
DA:120,13
DA:123,13
DA:124,13
DA:127,13
DA:133,13
DA:151,3
DA:153,3
DA:155,2
DA:156,2
DA:157,69
DA:158,69
DA:160,69
DA:161,69
DA:165,3
DA:170,4
DA:174,2
DA:186,13
DA:188,1
DA:189,1
DA:190,0
DA:195,13
DA:196,13
DA:202,1
DA:205,12
DA:214,13
DA:217,13
DA:218,1
DA:223,12
DA:227,13
DA:234,13
DA:238,13
DA:245,13
DA:246,13
DA:247,20
DA:251,13
DA:252,1
DA:255,13
DA:262,3
DA:265,0
DA:268,0
DA:270,2
DA:274,2
DA:277,1
DA:298,2
DA:299,2
DA:302,10
DA:306,7
DA:307,7
DA:308,2
DA:314,5
DA:318,2
DA:322,12
DA:327,2
DA:332,2
DA:335,10
DA:338,10
DA:342,11
DA:343,10
DA:345,11
DA:349,5
DA:350,5
DA:351,4
DA:353,4
DA:354,1
DA:357,3
DA:358,3
DA:360,2
DA:361,2
DA:366,4
DA:373,1
DA:381,1
DA:385,1
DA:389,1
LF:84
LH:81
BRDA:32,0,0,32
BRDA:120,1,0,13
BRDA:120,1,1,0
BRDA:153,2,0,2
BRDA:153,2,1,1
BRDA:160,3,0,2
BRDA:160,3,1,67
BRDA:186,4,0,1
BRDA:186,4,1,12
BRDA:186,5,0,13
BRDA:186,5,1,1
BRDA:189,6,0,0
BRDA:189,6,1,1
BRDA:196,7,0,1
BRDA:196,7,1,12
BRDA:197,8,0,13
BRDA:197,8,1,12
BRDA:197,8,2,12
BRDA:197,8,3,12
BRDA:217,9,0,1
BRDA:217,9,1,12
BRDA:251,10,0,1
BRDA:251,10,1,12
BRDA:251,11,0,13
BRDA:251,11,1,1
BRDA:262,12,0,0
BRDA:262,12,1,0
BRDA:262,12,2,2
BRDA:262,12,3,1
BRDA:307,13,0,2
BRDA:307,13,1,5
BRDA:342,14,0,10
BRDA:342,14,1,1
BRDA:353,15,0,1
BRDA:353,15,1,3
BRF:35
BRH:31
end_of_record
TN:
SF:src/services/ConfigLoader.ts
FN:11,(anonymous_0)
FN:13,(anonymous_1)
FN:20,(anonymous_2)
FN:48,(anonymous_3)
FN:65,(anonymous_4)
FN:82,(anonymous_5)
FN:92,(anonymous_6)
FN:101,(anonymous_7)
FN:105,(anonymous_8)
FNF:9
FNH:9
FNDA:1,(anonymous_0)
FNDA:7,(anonymous_1)
FNDA:2,(anonymous_2)
FNDA:2,(anonymous_3)
FNDA:1,(anonymous_4)
FNDA:2,(anonymous_5)
FNDA:2,(anonymous_6)
FNDA:1,(anonymous_7)
FNDA:5,(anonymous_8)
DA:2,4
DA:7,4
DA:9,1
DA:14,7
DA:15,1
DA:17,7
DA:21,2
DA:22,0
DA:25,2
DA:27,2
DA:28,2
DA:29,1
DA:30,1
DA:34,1
DA:35,1
DA:38,1
DA:40,1
DA:42,0
DA:43,0
DA:44,0
DA:49,2
DA:50,2
DA:51,2
DA:52,2
DA:56,1
DA:60,0
DA:62,1
DA:66,1
DA:69,1
DA:71,1
DA:72,1
DA:75,0
DA:77,0
DA:78,0
DA:83,2
DA:84,2
DA:85,2
DA:88,0
DA:93,2
DA:94,1
DA:97,1
DA:98,1
DA:102,1
DA:106,5
LF:44
LH:35
BRDA:14,0,0,1
BRDA:14,0,1,6
BRDA:21,1,0,0
BRDA:21,1,1,2
BRDA:28,2,0,1
BRDA:28,2,1,1
BRDA:50,3,0,2
BRDA:50,3,1,0
BRDA:50,4,0,2
BRDA:50,4,1,2
BRDA:52,5,0,1
BRDA:52,5,1,1
BRDA:53,6,0,2
BRDA:53,6,1,1
BRDA:71,7,0,1
BRDA:71,7,1,0
BRDA:84,8,0,2
BRDA:84,8,1,0
BRDA:84,9,0,2
BRDA:84,9,1,2
BRDA:93,10,0,1
BRDA:93,10,1,1
BRF:22
BRH:18
end_of_record
TN:
SF:src/services/KeyboardManager.ts
FN:16,(anonymous_0)
FN:20,(anonymous_1)
FN:27,(anonymous_2)
FN:32,(anonymous_3)
FN:37,(anonymous_4)
FN:41,(anonymous_5)
FN:45,(anonymous_6)
FN:49,(anonymous_7)
FN:102,(anonymous_8)
FN:132,(anonymous_9)
FN:139,(anonymous_10)
FNF:11
FNH:10
FNDA:1,(anonymous_0)
FNDA:7,(anonymous_1)
FNDA:7,(anonymous_2)
FNDA:0,(anonymous_3)
FNDA:4,(anonymous_4)
FNDA:7,(anonymous_5)
FNDA:7,(anonymous_6)
FNDA:7,(anonymous_7)
FNDA:1,(anonymous_8)
FNDA:7,(anonymous_9)
FNDA:7,(anonymous_10)
DA:10,4
DA:12,1
DA:13,1
DA:14,1
DA:17,1
DA:21,7
DA:22,1
DA:24,7
DA:28,7
DA:29,7
DA:33,0
DA:34,0
DA:38,4
DA:42,7
DA:46,7
DA:51,7
DA:52,2
DA:53,2
DA:56,2
DA:57,0
DA:58,0
DA:62,2
DA:63,2
DA:64,2
DA:69,5
DA:71,4
DA:73,1
DA:74,1
DA:75,1
DA:76,1
DA:79,1
DA:80,1
DA:81,1
DA:82,1
DA:85,1
DA:86,1
DA:87,1
DA:88,1
DA:91,1
DA:92,1
DA:93,1
DA:94,1
DA:98,0
DA:103,1
DA:105,1
DA:107,1
DA:108,1
DA:109,1
DA:112,0
DA:113,0
DA:114,0
DA:117,0
DA:118,0
DA:119,0
DA:122,0
DA:123,0
DA:124,0
DA:128,0
DA:133,7
DA:134,7
DA:135,7
DA:136,7
DA:140,7
LF:63
LH:48
BRDA:21,0,0,1
BRDA:21,0,1,6
BRDA:51,1,0,2
BRDA:51,1,1,5
BRDA:51,2,0,7
BRDA:51,2,1,6
BRDA:51,2,2,2
BRDA:56,3,0,0
BRDA:56,3,1,2
BRDA:62,4,0,2
BRDA:62,4,1,0
BRDA:69,5,0,1
BRDA:69,5,1,4
BRDA:69,6,0,5
BRDA:69,6,1,4
BRDA:71,7,0,1
BRDA:71,7,1,1
BRDA:71,7,2,1
BRDA:71,7,3,1
BRDA:71,7,4,0
BRDA:103,8,0,0
BRDA:103,8,1,1
BRDA:105,9,0,1
BRDA:105,9,1,0
BRDA:105,9,2,0
BRDA:105,9,3,0
BRDA:105,9,4,0
BRF:27
BRH:19
end_of_record
TN:
SF:src/services/WorkflowActions.ts
FN:16,(anonymous_0)
FN:21,(anonymous_1)
FN:28,(anonymous_2)
FN:69,(anonymous_3)
FN:85,(anonymous_4)
FN:99,(anonymous_5)
FN:111,(anonymous_6)
FN:126,(anonymous_7)
FN:138,(anonymous_8)
FN:147,(anonymous_9)
FN:159,(anonymous_10)
FN:184,(anonymous_11)
FN:194,(anonymous_12)
FN:213,(anonymous_13)
FN:233,(anonymous_14)
FN:255,(anonymous_15)
FN:292,(anonymous_16)
FN:311,(anonymous_17)
FN:325,(anonymous_18)
FN:329,(anonymous_19)
FN:333,(anonymous_20)
FNF:21
FNH:21
FNDA:1,(anonymous_0)
FNDA:31,(anonymous_1)
FNDA:8,(anonymous_2)
FNDA:2,(anonymous_3)
FNDA:1,(anonymous_4)
FNDA:1,(anonymous_5)
FNDA:1,(anonymous_6)
FNDA:1,(anonymous_7)
FNDA:1,(anonymous_8)
FNDA:1,(anonymous_9)
FNDA:3,(anonymous_10)
FNDA:2,(anonymous_11)
FNDA:2,(anonymous_12)
FNDA:3,(anonymous_13)
FNDA:2,(anonymous_14)
FNDA:2,(anonymous_15)
FNDA:2,(anonymous_16)
FNDA:4,(anonymous_17)
FNDA:1,(anonymous_18)
FNDA:1,(anonymous_19)
FNDA:2,(anonymous_20)
DA:2,2
DA:3,2
DA:11,2
DA:17,1
DA:18,1
DA:22,31
DA:23,1
DA:25,31
DA:33,8
DA:34,8
DA:36,2
DA:37,1
DA:40,1
DA:41,1
DA:44,1
DA:45,1
DA:48,1
DA:49,1
DA:52,1
DA:53,1
DA:56,1
DA:57,1
DA:60,1
DA:61,1
DA:64,2
DA:65,2
DA:73,2
DA:75,1
DA:76,1
DA:77,1
DA:80,1
DA:81,1
DA:90,1
DA:94,1
DA:95,1
DA:104,1
DA:106,1
DA:107,1
DA:116,1
DA:120,1
DA:122,1
DA:131,1
DA:143,1
DA:145,1
DA:147,1
DA:150,1
DA:151,1
DA:154,0
DA:155,0
DA:164,3
DA:166,3
DA:167,2
DA:175,2
DA:177,1
DA:189,2
DA:191,2
DA:194,2
DA:197,2
DA:198,1
DA:203,1
DA:205,1
DA:208,0
DA:209,0
DA:218,3
DA:220,3
DA:222,3
DA:226,3
DA:228,3
DA:229,3
DA:239,2
DA:241,2
DA:243,2
DA:248,2
DA:250,2
DA:251,2
DA:261,2
DA:269,2
DA:271,2
DA:272,0
DA:278,2
DA:279,1
DA:284,1
DA:287,0
DA:288,0
DA:297,2
DA:301,0
DA:308,2
DA:317,4
DA:326,1
DA:330,1
DA:334,2
DA:335,2
DA:336,2
DA:338,0
DA:339,0
LF:95
LH:85
BRDA:22,0,0,1
BRDA:22,0,1,30
BRDA:34,1,0,2
BRDA:34,1,1,1
BRDA:34,1,2,1
BRDA:34,1,3,1
BRDA:34,1,4,1
BRDA:34,1,5,1
BRDA:34,1,6,1
BRDA:73,2,0,1
BRDA:73,2,1,1
BRDA:94,3,0,1
BRDA:94,3,1,0
BRDA:106,4,0,1
BRDA:106,4,1,0
BRDA:106,5,0,1
BRDA:106,5,1,1
BRDA:120,6,0,1
BRDA:120,6,1,0
BRDA:120,7,0,1
BRDA:120,7,1,1
BRDA:150,8,0,1
BRDA:150,8,1,0
BRDA:150,9,0,1
BRDA:150,9,1,1
BRDA:166,10,0,2
BRDA:166,10,1,1
BRDA:166,11,0,3
BRDA:166,11,1,2
BRDA:170,12,0,2
BRDA:170,12,1,1
BRDA:170,12,2,0
BRDA:197,13,0,1
BRDA:197,13,1,1
BRDA:197,14,0,2
BRDA:197,14,1,1
BRDA:271,15,0,0
BRDA:271,15,1,2
BRDA:278,16,0,1
BRDA:278,16,1,1
BRDA:297,17,0,0
BRDA:297,17,1,2
BRDA:298,18,0,2
BRDA:298,18,1,1
BRDA:319,19,0,4
BRDA:319,19,1,3
BRF:46
BRH:39
end_of_record
TN:
SF:src/services/WorkflowManager.ts
FN:14,(anonymous_0)
FN:16,(anonymous_1)
FN:23,(anonymous_2)
FN:29,(anonymous_3)
FN:33,(anonymous_4)
FN:58,(anonymous_5)
FN:78,(anonymous_6)
FN:86,(anonymous_7)
FN:97,(anonymous_8)
FN:101,(anonymous_9)
FN:109,(anonymous_10)
FN:114,(anonymous_11)
FN:118,(anonymous_12)
FN:127,(anonymous_13)
FN:136,(anonymous_14)
FN:140,(anonymous_15)
FN:144,(anonymous_16)
FN:151,(anonymous_17)
FNF:18
FNH:14
FNDA:1,(anonymous_0)
FNDA:7,(anonymous_1)
FNDA:7,(anonymous_2)
FNDA:7,(anonymous_3)
FNDA:5,(anonymous_4)
FNDA:1,(anonymous_5)
FNDA:1,(anonymous_6)
FNDA:3,(anonymous_7)
FNDA:0,(anonymous_8)
FNDA:4,(anonymous_9)
FNDA:2,(anonymous_10)
FNDA:2,(anonymous_11)
FNDA:2,(anonymous_12)
FNDA:0,(anonymous_13)
FNDA:0,(anonymous_14)
FNDA:2,(anonymous_15)
FNDA:0,(anonymous_16)
FNDA:1,(anonymous_17)
DA:7,3
DA:9,3
DA:11,1
DA:12,1
DA:17,7
DA:18,1
DA:20,7
DA:24,7
DA:25,7
DA:26,7
DA:30,7
DA:37,5
DA:38,0
DA:41,5
DA:42,5
DA:43,1
DA:47,4
DA:54,4
DA:55,4
DA:59,1
DA:60,0
DA:64,1
DA:67,1
DA:69,0
DA:70,0
DA:72,1
DA:75,1
DA:79,1
DA:80,0
DA:83,1
DA:85,1
DA:86,3
DA:91,0
DA:92,0
DA:93,0
DA:96,0
DA:97,0
DA:102,4
DA:103,1
DA:106,3
DA:110,2
DA:111,0
DA:114,2
DA:115,2
DA:119,2
DA:120,2
DA:121,1
DA:124,1
DA:128,0
DA:129,0
DA:130,0
DA:133,0
DA:137,0
DA:141,2
DA:145,0
DA:146,0
DA:148,0
DA:152,1
DA:153,0
DA:157,1
DA:158,1
LF:61
LH:41
BRDA:17,0,0,1
BRDA:17,0,1,6
BRDA:37,1,0,0
BRDA:37,1,1,5
BRDA:42,2,0,1
BRDA:42,2,1,4
BRDA:50,3,0,4
BRDA:50,3,1,3
BRDA:59,4,0,0
BRDA:59,4,1,1
BRDA:67,5,0,0
BRDA:67,5,1,1
BRDA:79,6,0,0
BRDA:79,6,1,1
BRDA:83,7,0,1
BRDA:83,7,1,0
BRDA:92,8,0,0
BRDA:92,8,1,0
BRDA:92,9,0,0
BRDA:92,9,1,0
BRDA:102,10,0,1
BRDA:102,10,1,3
BRDA:102,11,0,4
BRDA:102,11,1,4
BRDA:106,12,0,3
BRDA:106,12,1,0
BRDA:110,13,0,0
BRDA:110,13,1,2
BRDA:120,14,0,1
BRDA:120,14,1,1
BRDA:124,15,0,1
BRDA:124,15,1,0
BRDA:129,16,0,0
BRDA:129,16,1,0
BRDA:133,17,0,0
BRDA:133,17,1,0
BRDA:145,18,0,0
BRDA:145,18,1,0
BRDA:148,19,0,0
BRDA:148,19,1,0
BRDA:152,20,0,0
BRDA:152,20,1,1
BRF:42
BRH:21
end_of_record
TN:
SF:src/utils/validation.ts
FN:3,validateWorkflowConfig
FN:26,validateWorkflow
FN:73,createDefaultConfig
FNF:3
FNH:3
FNDA:4,validateWorkflowConfig
FNDA:9,validateWorkflow
FNDA:11,createDefaultConfig
DA:3,5
DA:4,4
DA:5,0
DA:8,4
DA:9,1
DA:12,3
DA:13,0
DA:17,3
DA:18,9
DA:19,0
DA:23,3
DA:26,5
DA:30,9
DA:31,0
DA:34,9
DA:35,9
DA:36,36
DA:37,0
DA:41,9
DA:42,0
DA:45,9
DA:54,9
DA:55,0
DA:59,9
DA:60,0
DA:63,9
DA:67,0
DA:70,9
DA:73,5
DA:74,11
LF:30
LH:21
BRDA:4,0,0,0
BRDA:4,0,1,4
BRDA:4,1,0,4
BRDA:4,1,1,4
BRDA:8,2,0,1
BRDA:8,2,1,3
BRDA:8,3,0,4
BRDA:8,3,1,3
BRDA:12,4,0,0
BRDA:12,4,1,3
BRDA:18,5,0,0
BRDA:18,5,1,9
BRDA:30,6,0,0
BRDA:30,6,1,9
BRDA:30,7,0,9
BRDA:30,7,1,9
BRDA:36,8,0,0
BRDA:36,8,1,36
BRDA:36,9,0,36
BRDA:36,9,1,36
BRDA:41,10,0,0
BRDA:41,10,1,9
BRDA:41,11,0,9
BRDA:41,11,1,9
BRDA:54,12,0,0
BRDA:54,12,1,9
BRDA:59,13,0,0
BRDA:59,13,1,9
BRDA:59,14,0,9
BRDA:59,14,1,0
BRDA:63,15,0,0
BRDA:63,15,1,9
BRDA:64,16,0,9
BRDA:64,16,1,6
BRF:34
BRH:24
end_of_record
